2017-01-17 11:20:56 [INFO ] [] XPayClient initialize [C:\APM_Setup\htdocs\bluepod\order/../pg/smartXPay/lgdacom] [service]
2017-01-17 11:20:56 [DEBUG] [] Config [server_id] = [01]
2017-01-17 11:20:56 [DEBUG] [] Config [timeout] = [60]
2017-01-17 11:20:56 [DEBUG] [] Config [log_level] = [4]
2017-01-17 11:20:56 [DEBUG] [] Config [verify_cert] = [1]
2017-01-17 11:20:56 [DEBUG] [] Config [verify_host] = [1]
2017-01-17 11:20:56 [DEBUG] [] Config [report_error] = [1]
2017-01-17 11:20:56 [DEBUG] [] Config [output_UTF8] = [1]
2017-01-17 11:20:56 [DEBUG] [] Config [auto_rollback] = [1]
2017-01-17 11:20:56 [DEBUG] [] Config [url] = [https://xpayclient.lgdacom.net/xpay/Gateway.do]
2017-01-17 11:20:56 [DEBUG] [] Config [test_url] = [https://xpayclient.lgdacom.net:7443/xpay/Gateway.do]
2017-01-17 11:20:56 [DEBUG] [] Config [aux_url] = [http://xpayclient.lgdacom.net:7080/xpay/Gateway.do]
2017-01-17 11:20:56 [DEBUG] [] Config [log_dir] = [C:\APM_Setup\htdocs\bluepod\pg\smartXPay\lgdacom/../log/]
2017-01-17 11:20:56 [DEBUG] [] Config [smtskybada33] = [56352fa05f7f284be2a4e975f31292c0]
2017-01-17 11:20:56 [DEBUG] [] Config [tsmtskybada33] = [56352fa05f7f284be2a4e975f31292c0]
2017-01-17 12:02:21 [INFO ] [] XPayClient initialize [C:\APM_Setup\htdocs\bluepod\order/../pg/smartXPay/lgdacom] [service]
2017-01-17 12:02:21 [DEBUG] [] Config [server_id] = [01]
2017-01-17 12:02:21 [DEBUG] [] Config [timeout] = [60]
2017-01-17 12:02:21 [DEBUG] [] Config [log_level] = [4]
2017-01-17 12:02:21 [DEBUG] [] Config [verify_cert] = [1]
2017-01-17 12:02:21 [DEBUG] [] Config [verify_host] = [1]
2017-01-17 12:02:21 [DEBUG] [] Config [report_error] = [1]
2017-01-17 12:02:21 [DEBUG] [] Config [output_UTF8] = [1]
2017-01-17 12:02:21 [DEBUG] [] Config [auto_rollback] = [1]
2017-01-17 12:02:21 [DEBUG] [] Config [url] = [https://xpayclient.lgdacom.net/xpay/Gateway.do]
2017-01-17 12:02:21 [DEBUG] [] Config [test_url] = [https://xpayclient.lgdacom.net:7443/xpay/Gateway.do]
2017-01-17 12:02:21 [DEBUG] [] Config [aux_url] = [http://xpayclient.lgdacom.net:7080/xpay/Gateway.do]
2017-01-17 12:02:21 [DEBUG] [] Config [log_dir] = [C:\APM_Setup\htdocs\bluepod\pg\smartXPay\lgdacom/../log/]
2017-01-17 12:02:21 [DEBUG] [] Config [smtskybada33] = [56352fa05f7f284be2a4e975f31292c0]
2017-01-17 12:02:21 [DEBUG] [] Config [tsmtskybada33] = [56352fa05f7f284be2a4e975f31292c0]
