2017-01-02 10:23:13 [INFO ] [] XPayClient initialize [C:\APM_Setup\htdocs\bluepod\order/../pg/smartXPay/lgdacom] [service]
2017-01-02 10:23:13 [DEBUG] [] Config [server_id] = [01]
2017-01-02 10:23:13 [DEBUG] [] Config [timeout] = [60]
2017-01-02 10:23:13 [DEBUG] [] Config [log_level] = [4]
2017-01-02 10:23:13 [DEBUG] [] Config [verify_cert] = [1]
2017-01-02 10:23:13 [DEBUG] [] Config [verify_host] = [1]
2017-01-02 10:23:13 [DEBUG] [] Config [report_error] = [1]
2017-01-02 10:23:13 [DEBUG] [] Config [output_UTF8] = [1]
2017-01-02 10:23:13 [DEBUG] [] Config [auto_rollback] = [1]
2017-01-02 10:23:13 [DEBUG] [] Config [url] = [https://xpayclient.lgdacom.net/xpay/Gateway.do]
2017-01-02 10:23:13 [DEBUG] [] Config [test_url] = [https://xpayclient.lgdacom.net:7443/xpay/Gateway.do]
2017-01-02 10:23:13 [DEBUG] [] Config [aux_url] = [http://xpayclient.lgdacom.net:7080/xpay/Gateway.do]
2017-01-02 10:23:13 [DEBUG] [] Config [log_dir] = [C:\APM_Setup\htdocs\bluepod\pg\smartXPay\lgdacom/../log/]
2017-01-02 10:23:13 [DEBUG] [] Config [smtskybada33] = [56352fa05f7f284be2a4e975f31292c0]
2017-01-02 10:23:13 [DEBUG] [] Config [tsmtskybada33] = [56352fa05f7f284be2a4e975f31292c0]
2017-01-02 10:23:23 [INFO ] [] XPayClient initialize [C:\APM_Setup\htdocs\bluepod\order/../pg/smartXPay/lgdacom] [service]
2017-01-02 10:23:23 [DEBUG] [] Config [server_id] = [01]
2017-01-02 10:23:23 [DEBUG] [] Config [timeout] = [60]
2017-01-02 10:23:23 [DEBUG] [] Config [log_level] = [4]
2017-01-02 10:23:23 [DEBUG] [] Config [verify_cert] = [1]
2017-01-02 10:23:23 [DEBUG] [] Config [verify_host] = [1]
2017-01-02 10:23:23 [DEBUG] [] Config [report_error] = [1]
2017-01-02 10:23:23 [DEBUG] [] Config [output_UTF8] = [1]
2017-01-02 10:23:23 [DEBUG] [] Config [auto_rollback] = [1]
2017-01-02 10:23:23 [DEBUG] [] Config [url] = [https://xpayclient.lgdacom.net/xpay/Gateway.do]
2017-01-02 10:23:23 [DEBUG] [] Config [test_url] = [https://xpayclient.lgdacom.net:7443/xpay/Gateway.do]
2017-01-02 10:23:23 [DEBUG] [] Config [aux_url] = [http://xpayclient.lgdacom.net:7080/xpay/Gateway.do]
2017-01-02 10:23:23 [DEBUG] [] Config [log_dir] = [C:\APM_Setup\htdocs\bluepod\pg\smartXPay\lgdacom/../log/]
2017-01-02 10:23:23 [DEBUG] [] Config [smtskybada33] = [56352fa05f7f284be2a4e975f31292c0]
2017-01-02 10:23:23 [DEBUG] [] Config [tsmtskybada33] = [56352fa05f7f284be2a4e975f31292c0]
2017-01-02 10:35:01 [INFO ] [] XPayClient initialize [C:\APM_Setup\htdocs\bluepod\order/../pg/smartXPay/lgdacom] [service]
2017-01-02 10:35:01 [DEBUG] [] Config [server_id] = [01]
2017-01-02 10:35:01 [DEBUG] [] Config [timeout] = [60]
2017-01-02 10:35:01 [DEBUG] [] Config [log_level] = [4]
2017-01-02 10:35:01 [DEBUG] [] Config [verify_cert] = [1]
2017-01-02 10:35:01 [DEBUG] [] Config [verify_host] = [1]
2017-01-02 10:35:01 [DEBUG] [] Config [report_error] = [1]
2017-01-02 10:35:01 [DEBUG] [] Config [output_UTF8] = [1]
2017-01-02 10:35:01 [DEBUG] [] Config [auto_rollback] = [1]
2017-01-02 10:35:01 [DEBUG] [] Config [url] = [https://xpayclient.lgdacom.net/xpay/Gateway.do]
2017-01-02 10:35:01 [DEBUG] [] Config [test_url] = [https://xpayclient.lgdacom.net:7443/xpay/Gateway.do]
2017-01-02 10:35:01 [DEBUG] [] Config [aux_url] = [http://xpayclient.lgdacom.net:7080/xpay/Gateway.do]
2017-01-02 10:35:01 [DEBUG] [] Config [log_dir] = [C:\APM_Setup\htdocs\bluepod\pg\smartXPay\lgdacom/../log/]
2017-01-02 10:35:01 [DEBUG] [] Config [smtskybada33] = [56352fa05f7f284be2a4e975f31292c0]
2017-01-02 10:35:01 [DEBUG] [] Config [tsmtskybada33] = [56352fa05f7f284be2a4e975f31292c0]
2017-01-02 10:36:03 [INFO ] [] XPayClient initialize [C:\APM_Setup\htdocs\bluepod\order/../pg/smartXPay/lgdacom] [service]
2017-01-02 10:36:03 [DEBUG] [] Config [server_id] = [01]
2017-01-02 10:36:03 [DEBUG] [] Config [timeout] = [60]
2017-01-02 10:36:03 [DEBUG] [] Config [log_level] = [4]
2017-01-02 10:36:03 [DEBUG] [] Config [verify_cert] = [1]
2017-01-02 10:36:03 [DEBUG] [] Config [verify_host] = [1]
2017-01-02 10:36:03 [DEBUG] [] Config [report_error] = [1]
2017-01-02 10:36:03 [DEBUG] [] Config [output_UTF8] = [1]
2017-01-02 10:36:03 [DEBUG] [] Config [auto_rollback] = [1]
2017-01-02 10:36:03 [DEBUG] [] Config [url] = [https://xpayclient.lgdacom.net/xpay/Gateway.do]
2017-01-02 10:36:03 [DEBUG] [] Config [test_url] = [https://xpayclient.lgdacom.net:7443/xpay/Gateway.do]
2017-01-02 10:36:03 [DEBUG] [] Config [aux_url] = [http://xpayclient.lgdacom.net:7080/xpay/Gateway.do]
2017-01-02 10:36:03 [DEBUG] [] Config [log_dir] = [C:\APM_Setup\htdocs\bluepod\pg\smartXPay\lgdacom/../log/]
2017-01-02 10:36:03 [DEBUG] [] Config [smtskybada33] = [56352fa05f7f284be2a4e975f31292c0]
2017-01-02 10:36:03 [DEBUG] [] Config [tsmtskybada33] = [56352fa05f7f284be2a4e975f31292c0]
2017-01-02 10:36:27 [INFO ] [] XPayClient initialize [C:\APM_Setup\htdocs\bluepod\order/../pg/smartXPay/lgdacom] [service]
2017-01-02 10:36:27 [DEBUG] [] Config [server_id] = [01]
2017-01-02 10:36:27 [DEBUG] [] Config [timeout] = [60]
2017-01-02 10:36:27 [DEBUG] [] Config [log_level] = [4]
2017-01-02 10:36:27 [DEBUG] [] Config [verify_cert] = [1]
2017-01-02 10:36:27 [DEBUG] [] Config [verify_host] = [1]
2017-01-02 10:36:27 [DEBUG] [] Config [report_error] = [1]
2017-01-02 10:36:27 [DEBUG] [] Config [output_UTF8] = [1]
2017-01-02 10:36:27 [DEBUG] [] Config [auto_rollback] = [1]
2017-01-02 10:36:27 [DEBUG] [] Config [url] = [https://xpayclient.lgdacom.net/xpay/Gateway.do]
2017-01-02 10:36:27 [DEBUG] [] Config [test_url] = [https://xpayclient.lgdacom.net:7443/xpay/Gateway.do]
2017-01-02 10:36:27 [DEBUG] [] Config [aux_url] = [http://xpayclient.lgdacom.net:7080/xpay/Gateway.do]
2017-01-02 10:36:27 [DEBUG] [] Config [log_dir] = [C:\APM_Setup\htdocs\bluepod\pg\smartXPay\lgdacom/../log/]
2017-01-02 10:36:27 [DEBUG] [] Config [smtskybada33] = [56352fa05f7f284be2a4e975f31292c0]
2017-01-02 10:36:27 [DEBUG] [] Config [tsmtskybada33] = [56352fa05f7f284be2a4e975f31292c0]
2017-01-02 10:36:50 [INFO ] [] XPayClient initialize [C:\APM_Setup\htdocs\bluepod\order/../pg/smartXPay/lgdacom] [service]
2017-01-02 10:36:50 [DEBUG] [] Config [server_id] = [01]
2017-01-02 10:36:50 [DEBUG] [] Config [timeout] = [60]
2017-01-02 10:36:50 [DEBUG] [] Config [log_level] = [4]
2017-01-02 10:36:50 [DEBUG] [] Config [verify_cert] = [1]
2017-01-02 10:36:50 [DEBUG] [] Config [verify_host] = [1]
2017-01-02 10:36:50 [DEBUG] [] Config [report_error] = [1]
2017-01-02 10:36:50 [DEBUG] [] Config [output_UTF8] = [1]
2017-01-02 10:36:50 [DEBUG] [] Config [auto_rollback] = [1]
2017-01-02 10:36:50 [DEBUG] [] Config [url] = [https://xpayclient.lgdacom.net/xpay/Gateway.do]
2017-01-02 10:36:50 [DEBUG] [] Config [test_url] = [https://xpayclient.lgdacom.net:7443/xpay/Gateway.do]
2017-01-02 10:36:50 [DEBUG] [] Config [aux_url] = [http://xpayclient.lgdacom.net:7080/xpay/Gateway.do]
2017-01-02 10:36:50 [DEBUG] [] Config [log_dir] = [C:\APM_Setup\htdocs\bluepod\pg\smartXPay\lgdacom/../log/]
2017-01-02 10:36:50 [DEBUG] [] Config [smtskybada33] = [56352fa05f7f284be2a4e975f31292c0]
2017-01-02 10:36:50 [DEBUG] [] Config [tsmtskybada33] = [56352fa05f7f284be2a4e975f31292c0]
2017-01-02 10:46:38 [INFO ] [] XPayClient initialize [C:\APM_Setup\htdocs\bluepod\order/../pg/smartXPay/lgdacom] [service]
2017-01-02 10:46:38 [DEBUG] [] Config [server_id] = [01]
2017-01-02 10:46:38 [DEBUG] [] Config [timeout] = [60]
2017-01-02 10:46:38 [DEBUG] [] Config [log_level] = [4]
2017-01-02 10:46:38 [DEBUG] [] Config [verify_cert] = [1]
2017-01-02 10:46:38 [DEBUG] [] Config [verify_host] = [1]
2017-01-02 10:46:38 [DEBUG] [] Config [report_error] = [1]
2017-01-02 10:46:38 [DEBUG] [] Config [output_UTF8] = [1]
2017-01-02 10:46:38 [DEBUG] [] Config [auto_rollback] = [1]
2017-01-02 10:46:38 [DEBUG] [] Config [url] = [https://xpayclient.lgdacom.net/xpay/Gateway.do]
2017-01-02 10:46:38 [DEBUG] [] Config [test_url] = [https://xpayclient.lgdacom.net:7443/xpay/Gateway.do]
2017-01-02 10:46:38 [DEBUG] [] Config [aux_url] = [http://xpayclient.lgdacom.net:7080/xpay/Gateway.do]
2017-01-02 10:46:38 [DEBUG] [] Config [log_dir] = [C:\APM_Setup\htdocs\bluepod\pg\smartXPay\lgdacom/../log/]
2017-01-02 10:46:38 [DEBUG] [] Config [smtskybada33] = [56352fa05f7f284be2a4e975f31292c0]
2017-01-02 10:46:38 [DEBUG] [] Config [tsmtskybada33] = [56352fa05f7f284be2a4e975f31292c0]
2017-01-02 10:47:32 [INFO ] [] XPayClient initialize [C:\APM_Setup\htdocs\bluepod\order/../pg/smartXPay/lgdacom] [service]
2017-01-02 10:47:32 [DEBUG] [] Config [server_id] = [01]
2017-01-02 10:47:32 [DEBUG] [] Config [timeout] = [60]
2017-01-02 10:47:32 [DEBUG] [] Config [log_level] = [4]
2017-01-02 10:47:32 [DEBUG] [] Config [verify_cert] = [1]
2017-01-02 10:47:32 [DEBUG] [] Config [verify_host] = [1]
2017-01-02 10:47:32 [DEBUG] [] Config [report_error] = [1]
2017-01-02 10:47:32 [DEBUG] [] Config [output_UTF8] = [1]
2017-01-02 10:47:32 [DEBUG] [] Config [auto_rollback] = [1]
2017-01-02 10:47:32 [DEBUG] [] Config [url] = [https://xpayclient.lgdacom.net/xpay/Gateway.do]
2017-01-02 10:47:32 [DEBUG] [] Config [test_url] = [https://xpayclient.lgdacom.net:7443/xpay/Gateway.do]
2017-01-02 10:47:32 [DEBUG] [] Config [aux_url] = [http://xpayclient.lgdacom.net:7080/xpay/Gateway.do]
2017-01-02 10:47:32 [DEBUG] [] Config [log_dir] = [C:\APM_Setup\htdocs\bluepod\pg\smartXPay\lgdacom/../log/]
2017-01-02 10:47:32 [DEBUG] [] Config [smtskybada33] = [56352fa05f7f284be2a4e975f31292c0]
2017-01-02 10:47:32 [DEBUG] [] Config [tsmtskybada33] = [56352fa05f7f284be2a4e975f31292c0]
