2016-12-26 12:32:35 [INFO ] [] XPayClient initialize [C:\APM_Setup\htdocs\bluepod\order/../pg/smartXPay/lgdacom] [service]
2016-12-26 12:32:35 [DEBUG] [] Config [server_id] = [01]
2016-12-26 12:32:35 [DEBUG] [] Config [timeout] = [60]
2016-12-26 12:32:35 [DEBUG] [] Config [log_level] = [4]
2016-12-26 12:32:35 [DEBUG] [] Config [verify_cert] = [1]
2016-12-26 12:32:35 [DEBUG] [] Config [verify_host] = [1]
2016-12-26 12:32:35 [DEBUG] [] Config [report_error] = [1]
2016-12-26 12:32:35 [DEBUG] [] Config [output_UTF8] = [1]
2016-12-26 12:32:35 [DEBUG] [] Config [auto_rollback] = [1]
2016-12-26 12:32:35 [DEBUG] [] Config [url] = [https://xpayclient.lgdacom.net/xpay/Gateway.do]
2016-12-26 12:32:35 [DEBUG] [] Config [test_url] = [https://xpayclient.lgdacom.net:7443/xpay/Gateway.do]
2016-12-26 12:32:35 [DEBUG] [] Config [aux_url] = [http://xpayclient.lgdacom.net:7080/xpay/Gateway.do]
2016-12-26 12:32:35 [DEBUG] [] Config [log_dir] = [C:\APM_Setup\htdocs\bluepod\pg\smartXPay\lgdacom/../log/]
2016-12-26 12:32:35 [DEBUG] [] Config [smtskybada33] = [56352fa05f7f284be2a4e975f31292c0]
2016-12-26 12:32:35 [DEBUG] [] Config [tsmtskybada33] = [56352fa05f7f284be2a4e975f31292c0]
2016-12-26 12:44:09 [INFO ] [] XPayClient initialize [C:\APM_Setup\htdocs\bluepod\order/../pg/smartXPay/lgdacom] [service]
2016-12-26 12:44:09 [DEBUG] [] Config [server_id] = [01]
2016-12-26 12:44:09 [DEBUG] [] Config [timeout] = [60]
2016-12-26 12:44:09 [DEBUG] [] Config [log_level] = [4]
2016-12-26 12:44:09 [DEBUG] [] Config [verify_cert] = [1]
2016-12-26 12:44:09 [DEBUG] [] Config [verify_host] = [1]
2016-12-26 12:44:09 [DEBUG] [] Config [report_error] = [1]
2016-12-26 12:44:09 [DEBUG] [] Config [output_UTF8] = [1]
2016-12-26 12:44:09 [DEBUG] [] Config [auto_rollback] = [1]
2016-12-26 12:44:09 [DEBUG] [] Config [url] = [https://xpayclient.lgdacom.net/xpay/Gateway.do]
2016-12-26 12:44:09 [DEBUG] [] Config [test_url] = [https://xpayclient.lgdacom.net:7443/xpay/Gateway.do]
2016-12-26 12:44:09 [DEBUG] [] Config [aux_url] = [http://xpayclient.lgdacom.net:7080/xpay/Gateway.do]
2016-12-26 12:44:09 [DEBUG] [] Config [log_dir] = [C:\APM_Setup\htdocs\bluepod\pg\smartXPay\lgdacom/../log/]
2016-12-26 12:44:09 [DEBUG] [] Config [smtskybada33] = [56352fa05f7f284be2a4e975f31292c0]
2016-12-26 12:44:09 [DEBUG] [] Config [tsmtskybada33] = [56352fa05f7f284be2a4e975f31292c0]
2016-12-26 12:44:41 [INFO ] [] XPayClient initialize [C:\APM_Setup\htdocs\bluepod\order/../pg/smartXPay/lgdacom] [service]
2016-12-26 12:44:41 [DEBUG] [] Config [server_id] = [01]
2016-12-26 12:44:41 [DEBUG] [] Config [timeout] = [60]
2016-12-26 12:44:41 [DEBUG] [] Config [log_level] = [4]
2016-12-26 12:44:41 [DEBUG] [] Config [verify_cert] = [1]
2016-12-26 12:44:41 [DEBUG] [] Config [verify_host] = [1]
2016-12-26 12:44:41 [DEBUG] [] Config [report_error] = [1]
2016-12-26 12:44:41 [DEBUG] [] Config [output_UTF8] = [1]
2016-12-26 12:44:41 [DEBUG] [] Config [auto_rollback] = [1]
2016-12-26 12:44:41 [DEBUG] [] Config [url] = [https://xpayclient.lgdacom.net/xpay/Gateway.do]
2016-12-26 12:44:41 [DEBUG] [] Config [test_url] = [https://xpayclient.lgdacom.net:7443/xpay/Gateway.do]
2016-12-26 12:44:41 [DEBUG] [] Config [aux_url] = [http://xpayclient.lgdacom.net:7080/xpay/Gateway.do]
2016-12-26 12:44:41 [DEBUG] [] Config [log_dir] = [C:\APM_Setup\htdocs\bluepod\pg\smartXPay\lgdacom/../log/]
2016-12-26 12:44:41 [DEBUG] [] Config [smtskybada33] = [56352fa05f7f284be2a4e975f31292c0]
2016-12-26 12:44:41 [DEBUG] [] Config [tsmtskybada33] = [56352fa05f7f284be2a4e975f31292c0]
2016-12-26 12:45:47 [INFO ] [] XPayClient initialize [C:\APM_Setup\htdocs\bluepod\order/../pg/smartXPay/lgdacom] [service]
2016-12-26 12:45:47 [DEBUG] [] Config [server_id] = [01]
2016-12-26 12:45:47 [DEBUG] [] Config [timeout] = [60]
2016-12-26 12:45:47 [DEBUG] [] Config [log_level] = [4]
2016-12-26 12:45:47 [DEBUG] [] Config [verify_cert] = [1]
2016-12-26 12:45:47 [DEBUG] [] Config [verify_host] = [1]
2016-12-26 12:45:47 [DEBUG] [] Config [report_error] = [1]
2016-12-26 12:45:47 [DEBUG] [] Config [output_UTF8] = [1]
2016-12-26 12:45:47 [DEBUG] [] Config [auto_rollback] = [1]
2016-12-26 12:45:47 [DEBUG] [] Config [url] = [https://xpayclient.lgdacom.net/xpay/Gateway.do]
2016-12-26 12:45:47 [DEBUG] [] Config [test_url] = [https://xpayclient.lgdacom.net:7443/xpay/Gateway.do]
2016-12-26 12:45:47 [DEBUG] [] Config [aux_url] = [http://xpayclient.lgdacom.net:7080/xpay/Gateway.do]
2016-12-26 12:45:47 [DEBUG] [] Config [log_dir] = [C:\APM_Setup\htdocs\bluepod\pg\smartXPay\lgdacom/../log/]
2016-12-26 12:45:47 [DEBUG] [] Config [smtskybada33] = [56352fa05f7f284be2a4e975f31292c0]
2016-12-26 12:45:48 [DEBUG] [] Config [tsmtskybada33] = [56352fa05f7f284be2a4e975f31292c0]
2016-12-26 12:46:06 [INFO ] [] XPayClient initialize [C:\APM_Setup\htdocs\bluepod\order/../pg/smartXPay/lgdacom] [service]
2016-12-26 12:46:06 [DEBUG] [] Config [server_id] = [01]
2016-12-26 12:46:06 [DEBUG] [] Config [timeout] = [60]
2016-12-26 12:46:06 [DEBUG] [] Config [log_level] = [4]
2016-12-26 12:46:06 [DEBUG] [] Config [verify_cert] = [1]
2016-12-26 12:46:06 [DEBUG] [] Config [verify_host] = [1]
2016-12-26 12:46:06 [DEBUG] [] Config [report_error] = [1]
2016-12-26 12:46:06 [DEBUG] [] Config [output_UTF8] = [1]
2016-12-26 12:46:06 [DEBUG] [] Config [auto_rollback] = [1]
2016-12-26 12:46:06 [DEBUG] [] Config [url] = [https://xpayclient.lgdacom.net/xpay/Gateway.do]
2016-12-26 12:46:06 [DEBUG] [] Config [test_url] = [https://xpayclient.lgdacom.net:7443/xpay/Gateway.do]
2016-12-26 12:46:06 [DEBUG] [] Config [aux_url] = [http://xpayclient.lgdacom.net:7080/xpay/Gateway.do]
2016-12-26 12:46:06 [DEBUG] [] Config [log_dir] = [C:\APM_Setup\htdocs\bluepod\pg\smartXPay\lgdacom/../log/]
2016-12-26 12:46:06 [DEBUG] [] Config [smtskybada33] = [56352fa05f7f284be2a4e975f31292c0]
2016-12-26 12:46:06 [DEBUG] [] Config [tsmtskybada33] = [56352fa05f7f284be2a4e975f31292c0]
2016-12-26 12:46:28 [INFO ] [] XPayClient initialize [C:\APM_Setup\htdocs\bluepod\order/../pg/smartXPay/lgdacom] [service]
2016-12-26 12:46:28 [DEBUG] [] Config [server_id] = [01]
2016-12-26 12:46:28 [DEBUG] [] Config [timeout] = [60]
2016-12-26 12:46:28 [DEBUG] [] Config [log_level] = [4]
2016-12-26 12:46:28 [DEBUG] [] Config [verify_cert] = [1]
2016-12-26 12:46:28 [DEBUG] [] Config [verify_host] = [1]
2016-12-26 12:46:28 [DEBUG] [] Config [report_error] = [1]
2016-12-26 12:46:28 [DEBUG] [] Config [output_UTF8] = [1]
2016-12-26 12:46:28 [DEBUG] [] Config [auto_rollback] = [1]
2016-12-26 12:46:28 [DEBUG] [] Config [url] = [https://xpayclient.lgdacom.net/xpay/Gateway.do]
2016-12-26 12:46:28 [DEBUG] [] Config [test_url] = [https://xpayclient.lgdacom.net:7443/xpay/Gateway.do]
2016-12-26 12:46:28 [DEBUG] [] Config [aux_url] = [http://xpayclient.lgdacom.net:7080/xpay/Gateway.do]
2016-12-26 12:46:28 [DEBUG] [] Config [log_dir] = [C:\APM_Setup\htdocs\bluepod\pg\smartXPay\lgdacom/../log/]
2016-12-26 12:46:28 [DEBUG] [] Config [smtskybada33] = [56352fa05f7f284be2a4e975f31292c0]
2016-12-26 12:46:28 [DEBUG] [] Config [tsmtskybada33] = [56352fa05f7f284be2a4e975f31292c0]
2016-12-26 12:46:54 [INFO ] [] XPayClient initialize [C:\APM_Setup\htdocs\bluepod\order/../pg/smartXPay/lgdacom] [service]
2016-12-26 12:46:54 [DEBUG] [] Config [server_id] = [01]
2016-12-26 12:46:54 [DEBUG] [] Config [timeout] = [60]
2016-12-26 12:46:54 [DEBUG] [] Config [log_level] = [4]
2016-12-26 12:46:54 [DEBUG] [] Config [verify_cert] = [1]
2016-12-26 12:46:54 [DEBUG] [] Config [verify_host] = [1]
2016-12-26 12:46:54 [DEBUG] [] Config [report_error] = [1]
2016-12-26 12:46:54 [DEBUG] [] Config [output_UTF8] = [1]
2016-12-26 12:46:54 [DEBUG] [] Config [auto_rollback] = [1]
2016-12-26 12:46:54 [DEBUG] [] Config [url] = [https://xpayclient.lgdacom.net/xpay/Gateway.do]
2016-12-26 12:46:54 [DEBUG] [] Config [test_url] = [https://xpayclient.lgdacom.net:7443/xpay/Gateway.do]
2016-12-26 12:46:54 [DEBUG] [] Config [aux_url] = [http://xpayclient.lgdacom.net:7080/xpay/Gateway.do]
2016-12-26 12:46:54 [DEBUG] [] Config [log_dir] = [C:\APM_Setup\htdocs\bluepod\pg\smartXPay\lgdacom/../log/]
2016-12-26 12:46:54 [DEBUG] [] Config [smtskybada33] = [56352fa05f7f284be2a4e975f31292c0]
2016-12-26 12:46:54 [DEBUG] [] Config [tsmtskybada33] = [56352fa05f7f284be2a4e975f31292c0]
2016-12-26 12:47:19 [INFO ] [] XPayClient initialize [C:\APM_Setup\htdocs\bluepod\order/../pg/smartXPay/lgdacom] [service]
2016-12-26 12:47:19 [DEBUG] [] Config [server_id] = [01]
2016-12-26 12:47:19 [DEBUG] [] Config [timeout] = [60]
2016-12-26 12:47:19 [DEBUG] [] Config [log_level] = [4]
2016-12-26 12:47:19 [DEBUG] [] Config [verify_cert] = [1]
2016-12-26 12:47:19 [DEBUG] [] Config [verify_host] = [1]
2016-12-26 12:47:19 [DEBUG] [] Config [report_error] = [1]
2016-12-26 12:47:19 [DEBUG] [] Config [output_UTF8] = [1]
2016-12-26 12:47:19 [DEBUG] [] Config [auto_rollback] = [1]
2016-12-26 12:47:19 [DEBUG] [] Config [url] = [https://xpayclient.lgdacom.net/xpay/Gateway.do]
2016-12-26 12:47:19 [DEBUG] [] Config [test_url] = [https://xpayclient.lgdacom.net:7443/xpay/Gateway.do]
2016-12-26 12:47:19 [DEBUG] [] Config [aux_url] = [http://xpayclient.lgdacom.net:7080/xpay/Gateway.do]
2016-12-26 12:47:19 [DEBUG] [] Config [log_dir] = [C:\APM_Setup\htdocs\bluepod\pg\smartXPay\lgdacom/../log/]
2016-12-26 12:47:19 [DEBUG] [] Config [smtskybada33] = [56352fa05f7f284be2a4e975f31292c0]
2016-12-26 12:47:19 [DEBUG] [] Config [tsmtskybada33] = [56352fa05f7f284be2a4e975f31292c0]
2016-12-26 12:47:46 [INFO ] [] XPayClient initialize [C:\APM_Setup\htdocs\bluepod\order/../pg/smartXPay/lgdacom] [service]
2016-12-26 12:47:46 [DEBUG] [] Config [server_id] = [01]
2016-12-26 12:47:46 [DEBUG] [] Config [timeout] = [60]
2016-12-26 12:47:46 [DEBUG] [] Config [log_level] = [4]
2016-12-26 12:47:46 [DEBUG] [] Config [verify_cert] = [1]
2016-12-26 12:47:46 [DEBUG] [] Config [verify_host] = [1]
2016-12-26 12:47:46 [DEBUG] [] Config [report_error] = [1]
2016-12-26 12:47:46 [DEBUG] [] Config [output_UTF8] = [1]
2016-12-26 12:47:46 [DEBUG] [] Config [auto_rollback] = [1]
2016-12-26 12:47:46 [DEBUG] [] Config [url] = [https://xpayclient.lgdacom.net/xpay/Gateway.do]
2016-12-26 12:47:46 [DEBUG] [] Config [test_url] = [https://xpayclient.lgdacom.net:7443/xpay/Gateway.do]
2016-12-26 12:47:46 [DEBUG] [] Config [aux_url] = [http://xpayclient.lgdacom.net:7080/xpay/Gateway.do]
2016-12-26 12:47:46 [DEBUG] [] Config [log_dir] = [C:\APM_Setup\htdocs\bluepod\pg\smartXPay\lgdacom/../log/]
2016-12-26 12:47:46 [DEBUG] [] Config [smtskybada33] = [56352fa05f7f284be2a4e975f31292c0]
2016-12-26 12:47:46 [DEBUG] [] Config [tsmtskybada33] = [56352fa05f7f284be2a4e975f31292c0]
2016-12-26 12:48:06 [INFO ] [] XPayClient initialize [C:\APM_Setup\htdocs\bluepod\order/../pg/smartXPay/lgdacom] [service]
2016-12-26 12:48:06 [DEBUG] [] Config [server_id] = [01]
2016-12-26 12:48:06 [DEBUG] [] Config [timeout] = [60]
2016-12-26 12:48:06 [DEBUG] [] Config [log_level] = [4]
2016-12-26 12:48:06 [DEBUG] [] Config [verify_cert] = [1]
2016-12-26 12:48:06 [DEBUG] [] Config [verify_host] = [1]
2016-12-26 12:48:06 [DEBUG] [] Config [report_error] = [1]
2016-12-26 12:48:06 [DEBUG] [] Config [output_UTF8] = [1]
2016-12-26 12:48:06 [DEBUG] [] Config [auto_rollback] = [1]
2016-12-26 12:48:06 [DEBUG] [] Config [url] = [https://xpayclient.lgdacom.net/xpay/Gateway.do]
2016-12-26 12:48:06 [DEBUG] [] Config [test_url] = [https://xpayclient.lgdacom.net:7443/xpay/Gateway.do]
2016-12-26 12:48:06 [DEBUG] [] Config [aux_url] = [http://xpayclient.lgdacom.net:7080/xpay/Gateway.do]
2016-12-26 12:48:06 [DEBUG] [] Config [log_dir] = [C:\APM_Setup\htdocs\bluepod\pg\smartXPay\lgdacom/../log/]
2016-12-26 12:48:06 [DEBUG] [] Config [smtskybada33] = [56352fa05f7f284be2a4e975f31292c0]
2016-12-26 12:48:06 [DEBUG] [] Config [tsmtskybada33] = [56352fa05f7f284be2a4e975f31292c0]
2016-12-26 12:52:23 [INFO ] [] XPayClient initialize [C:\APM_Setup\htdocs\bluepod\order/../pg/smartXPay/lgdacom] [service]
2016-12-26 12:52:23 [DEBUG] [] Config [server_id] = [01]
2016-12-26 12:52:23 [DEBUG] [] Config [timeout] = [60]
2016-12-26 12:52:23 [DEBUG] [] Config [log_level] = [4]
2016-12-26 12:52:23 [DEBUG] [] Config [verify_cert] = [1]
2016-12-26 12:52:23 [DEBUG] [] Config [verify_host] = [1]
2016-12-26 12:52:23 [DEBUG] [] Config [report_error] = [1]
2016-12-26 12:52:23 [DEBUG] [] Config [output_UTF8] = [1]
2016-12-26 12:52:23 [DEBUG] [] Config [auto_rollback] = [1]
2016-12-26 12:52:23 [DEBUG] [] Config [url] = [https://xpayclient.lgdacom.net/xpay/Gateway.do]
2016-12-26 12:52:23 [DEBUG] [] Config [test_url] = [https://xpayclient.lgdacom.net:7443/xpay/Gateway.do]
2016-12-26 12:52:23 [DEBUG] [] Config [aux_url] = [http://xpayclient.lgdacom.net:7080/xpay/Gateway.do]
2016-12-26 12:52:23 [DEBUG] [] Config [log_dir] = [C:\APM_Setup\htdocs\bluepod\pg\smartXPay\lgdacom/../log/]
2016-12-26 12:52:23 [DEBUG] [] Config [smtskybada33] = [56352fa05f7f284be2a4e975f31292c0]
2016-12-26 12:52:23 [DEBUG] [] Config [tsmtskybada33] = [56352fa05f7f284be2a4e975f31292c0]
2016-12-26 12:58:11 [INFO ] [] XPayClient initialize [C:\APM_Setup\htdocs\bluepod\order/../pg/smartXPay/lgdacom] [service]
2016-12-26 12:58:11 [DEBUG] [] Config [server_id] = [01]
2016-12-26 12:58:11 [DEBUG] [] Config [timeout] = [60]
2016-12-26 12:58:11 [DEBUG] [] Config [log_level] = [4]
2016-12-26 12:58:11 [DEBUG] [] Config [verify_cert] = [1]
2016-12-26 12:58:11 [DEBUG] [] Config [verify_host] = [1]
2016-12-26 12:58:11 [DEBUG] [] Config [report_error] = [1]
2016-12-26 12:58:11 [DEBUG] [] Config [output_UTF8] = [1]
2016-12-26 12:58:11 [DEBUG] [] Config [auto_rollback] = [1]
2016-12-26 12:58:11 [DEBUG] [] Config [url] = [https://xpayclient.lgdacom.net/xpay/Gateway.do]
2016-12-26 12:58:11 [DEBUG] [] Config [test_url] = [https://xpayclient.lgdacom.net:7443/xpay/Gateway.do]
2016-12-26 12:58:11 [DEBUG] [] Config [aux_url] = [http://xpayclient.lgdacom.net:7080/xpay/Gateway.do]
2016-12-26 12:58:11 [DEBUG] [] Config [log_dir] = [C:\APM_Setup\htdocs\bluepod\pg\smartXPay\lgdacom/../log/]
2016-12-26 12:58:11 [DEBUG] [] Config [smtskybada33] = [56352fa05f7f284be2a4e975f31292c0]
2016-12-26 12:58:11 [DEBUG] [] Config [tsmtskybada33] = [56352fa05f7f284be2a4e975f31292c0]
2016-12-26 12:58:48 [INFO ] [] XPayClient initialize [C:\APM_Setup\htdocs\bluepod\order/../pg/smartXPay/lgdacom] [service]
2016-12-26 12:58:48 [DEBUG] [] Config [server_id] = [01]
2016-12-26 12:58:48 [DEBUG] [] Config [timeout] = [60]
2016-12-26 12:58:48 [DEBUG] [] Config [log_level] = [4]
2016-12-26 12:58:48 [DEBUG] [] Config [verify_cert] = [1]
2016-12-26 12:58:48 [DEBUG] [] Config [verify_host] = [1]
2016-12-26 12:58:48 [DEBUG] [] Config [report_error] = [1]
2016-12-26 12:58:48 [DEBUG] [] Config [output_UTF8] = [1]
2016-12-26 12:58:48 [DEBUG] [] Config [auto_rollback] = [1]
2016-12-26 12:58:48 [DEBUG] [] Config [url] = [https://xpayclient.lgdacom.net/xpay/Gateway.do]
2016-12-26 12:58:48 [DEBUG] [] Config [test_url] = [https://xpayclient.lgdacom.net:7443/xpay/Gateway.do]
2016-12-26 12:58:48 [DEBUG] [] Config [aux_url] = [http://xpayclient.lgdacom.net:7080/xpay/Gateway.do]
2016-12-26 12:58:48 [DEBUG] [] Config [log_dir] = [C:\APM_Setup\htdocs\bluepod\pg\smartXPay\lgdacom/../log/]
2016-12-26 12:58:48 [DEBUG] [] Config [smtskybada33] = [56352fa05f7f284be2a4e975f31292c0]
2016-12-26 12:58:48 [DEBUG] [] Config [tsmtskybada33] = [56352fa05f7f284be2a4e975f31292c0]
2016-12-26 12:59:08 [INFO ] [] XPayClient initialize [C:\APM_Setup\htdocs\bluepod\order/../pg/smartXPay/lgdacom] [service]
2016-12-26 12:59:08 [DEBUG] [] Config [server_id] = [01]
2016-12-26 12:59:08 [DEBUG] [] Config [timeout] = [60]
2016-12-26 12:59:08 [DEBUG] [] Config [log_level] = [4]
2016-12-26 12:59:08 [DEBUG] [] Config [verify_cert] = [1]
2016-12-26 12:59:08 [DEBUG] [] Config [verify_host] = [1]
2016-12-26 12:59:08 [DEBUG] [] Config [report_error] = [1]
2016-12-26 12:59:08 [DEBUG] [] Config [output_UTF8] = [1]
2016-12-26 12:59:08 [DEBUG] [] Config [auto_rollback] = [1]
2016-12-26 12:59:08 [DEBUG] [] Config [url] = [https://xpayclient.lgdacom.net/xpay/Gateway.do]
2016-12-26 12:59:08 [DEBUG] [] Config [test_url] = [https://xpayclient.lgdacom.net:7443/xpay/Gateway.do]
2016-12-26 12:59:08 [DEBUG] [] Config [aux_url] = [http://xpayclient.lgdacom.net:7080/xpay/Gateway.do]
2016-12-26 12:59:08 [DEBUG] [] Config [log_dir] = [C:\APM_Setup\htdocs\bluepod\pg\smartXPay\lgdacom/../log/]
2016-12-26 12:59:08 [DEBUG] [] Config [smtskybada33] = [56352fa05f7f284be2a4e975f31292c0]
2016-12-26 12:59:08 [DEBUG] [] Config [tsmtskybada33] = [56352fa05f7f284be2a4e975f31292c0]
2016-12-26 14:10:55 [INFO ] [] XPayClient initialize [C:\APM_Setup\htdocs\bluepod\order/../pg/smartXPay/lgdacom] [service]
2016-12-26 14:10:55 [DEBUG] [] Config [server_id] = [01]
2016-12-26 14:10:55 [DEBUG] [] Config [timeout] = [60]
2016-12-26 14:10:55 [DEBUG] [] Config [log_level] = [4]
2016-12-26 14:10:55 [DEBUG] [] Config [verify_cert] = [1]
2016-12-26 14:10:55 [DEBUG] [] Config [verify_host] = [1]
2016-12-26 14:10:55 [DEBUG] [] Config [report_error] = [1]
2016-12-26 14:10:55 [DEBUG] [] Config [output_UTF8] = [1]
2016-12-26 14:10:55 [DEBUG] [] Config [auto_rollback] = [1]
2016-12-26 14:10:55 [DEBUG] [] Config [url] = [https://xpayclient.lgdacom.net/xpay/Gateway.do]
2016-12-26 14:10:55 [DEBUG] [] Config [test_url] = [https://xpayclient.lgdacom.net:7443/xpay/Gateway.do]
2016-12-26 14:10:55 [DEBUG] [] Config [aux_url] = [http://xpayclient.lgdacom.net:7080/xpay/Gateway.do]
2016-12-26 14:10:55 [DEBUG] [] Config [log_dir] = [C:\APM_Setup\htdocs\bluepod\pg\smartXPay\lgdacom/../log/]
2016-12-26 14:10:55 [DEBUG] [] Config [smtskybada33] = [56352fa05f7f284be2a4e975f31292c0]
2016-12-26 14:10:55 [DEBUG] [] Config [tsmtskybada33] = [56352fa05f7f284be2a4e975f31292c0]
2016-12-26 15:38:56 [INFO ] [] XPayClient initialize [C:\APM_Setup\htdocs\bluepod\order/../pg/smartXPay/lgdacom] [service]
2016-12-26 15:38:56 [DEBUG] [] Config [server_id] = [01]
2016-12-26 15:38:56 [DEBUG] [] Config [timeout] = [60]
2016-12-26 15:38:56 [DEBUG] [] Config [log_level] = [4]
2016-12-26 15:38:56 [DEBUG] [] Config [verify_cert] = [1]
2016-12-26 15:38:56 [DEBUG] [] Config [verify_host] = [1]
2016-12-26 15:38:56 [DEBUG] [] Config [report_error] = [1]
2016-12-26 15:38:56 [DEBUG] [] Config [output_UTF8] = [1]
2016-12-26 15:38:56 [DEBUG] [] Config [auto_rollback] = [1]
2016-12-26 15:38:56 [DEBUG] [] Config [url] = [https://xpayclient.lgdacom.net/xpay/Gateway.do]
2016-12-26 15:38:56 [DEBUG] [] Config [test_url] = [https://xpayclient.lgdacom.net:7443/xpay/Gateway.do]
2016-12-26 15:38:56 [DEBUG] [] Config [aux_url] = [http://xpayclient.lgdacom.net:7080/xpay/Gateway.do]
2016-12-26 15:38:56 [DEBUG] [] Config [log_dir] = [C:\APM_Setup\htdocs\bluepod\pg\smartXPay\lgdacom/../log/]
2016-12-26 15:38:56 [DEBUG] [] Config [smtskybada33] = [56352fa05f7f284be2a4e975f31292c0]
2016-12-26 15:38:56 [DEBUG] [] Config [tsmtskybada33] = [56352fa05f7f284be2a4e975f31292c0]
2016-12-26 15:55:42 [INFO ] [] XPayClient initialize [C:\APM_Setup\htdocs\bluepod\order/../pg/smartXPay/lgdacom] [service]
2016-12-26 15:55:42 [DEBUG] [] Config [server_id] = [01]
2016-12-26 15:55:42 [DEBUG] [] Config [timeout] = [60]
2016-12-26 15:55:42 [DEBUG] [] Config [log_level] = [4]
2016-12-26 15:55:42 [DEBUG] [] Config [verify_cert] = [1]
2016-12-26 15:55:42 [DEBUG] [] Config [verify_host] = [1]
2016-12-26 15:55:42 [DEBUG] [] Config [report_error] = [1]
2016-12-26 15:55:42 [DEBUG] [] Config [output_UTF8] = [1]
2016-12-26 15:55:42 [DEBUG] [] Config [auto_rollback] = [1]
2016-12-26 15:55:42 [DEBUG] [] Config [url] = [https://xpayclient.lgdacom.net/xpay/Gateway.do]
2016-12-26 15:55:42 [DEBUG] [] Config [test_url] = [https://xpayclient.lgdacom.net:7443/xpay/Gateway.do]
2016-12-26 15:55:42 [DEBUG] [] Config [aux_url] = [http://xpayclient.lgdacom.net:7080/xpay/Gateway.do]
2016-12-26 15:55:42 [DEBUG] [] Config [log_dir] = [C:\APM_Setup\htdocs\bluepod\pg\smartXPay\lgdacom/../log/]
2016-12-26 15:55:42 [DEBUG] [] Config [smtskybada33] = [56352fa05f7f284be2a4e975f31292c0]
2016-12-26 15:55:42 [DEBUG] [] Config [tsmtskybada33] = [56352fa05f7f284be2a4e975f31292c0]
2016-12-26 16:19:53 [INFO ] [] XPayClient initialize [C:\APM_Setup\htdocs\bluepod\order/../pg/smartXPay/lgdacom] [service]
2016-12-26 16:19:53 [DEBUG] [] Config [server_id] = [01]
2016-12-26 16:19:53 [DEBUG] [] Config [timeout] = [60]
2016-12-26 16:19:53 [DEBUG] [] Config [log_level] = [4]
2016-12-26 16:19:53 [DEBUG] [] Config [verify_cert] = [1]
2016-12-26 16:19:53 [DEBUG] [] Config [verify_host] = [1]
2016-12-26 16:19:53 [DEBUG] [] Config [report_error] = [1]
2016-12-26 16:19:53 [DEBUG] [] Config [output_UTF8] = [1]
2016-12-26 16:19:53 [DEBUG] [] Config [auto_rollback] = [1]
2016-12-26 16:19:53 [DEBUG] [] Config [url] = [https://xpayclient.lgdacom.net/xpay/Gateway.do]
2016-12-26 16:19:53 [DEBUG] [] Config [test_url] = [https://xpayclient.lgdacom.net:7443/xpay/Gateway.do]
2016-12-26 16:19:53 [DEBUG] [] Config [aux_url] = [http://xpayclient.lgdacom.net:7080/xpay/Gateway.do]
2016-12-26 16:19:53 [DEBUG] [] Config [log_dir] = [C:\APM_Setup\htdocs\bluepod\pg\smartXPay\lgdacom/../log/]
2016-12-26 16:19:53 [DEBUG] [] Config [smtskybada33] = [56352fa05f7f284be2a4e975f31292c0]
2016-12-26 16:19:53 [DEBUG] [] Config [tsmtskybada33] = [56352fa05f7f284be2a4e975f31292c0]
2016-12-26 16:22:55 [INFO ] [] XPayClient initialize [C:\APM_Setup\htdocs\bluepod\order/../pg/smartXPay/lgdacom] [service]
2016-12-26 16:22:55 [DEBUG] [] Config [server_id] = [01]
2016-12-26 16:22:55 [DEBUG] [] Config [timeout] = [60]
2016-12-26 16:22:55 [DEBUG] [] Config [log_level] = [4]
2016-12-26 16:22:55 [DEBUG] [] Config [verify_cert] = [1]
2016-12-26 16:22:55 [DEBUG] [] Config [verify_host] = [1]
2016-12-26 16:22:55 [DEBUG] [] Config [report_error] = [1]
2016-12-26 16:22:55 [DEBUG] [] Config [output_UTF8] = [1]
2016-12-26 16:22:55 [DEBUG] [] Config [auto_rollback] = [1]
2016-12-26 16:22:55 [DEBUG] [] Config [url] = [https://xpayclient.lgdacom.net/xpay/Gateway.do]
2016-12-26 16:22:55 [DEBUG] [] Config [test_url] = [https://xpayclient.lgdacom.net:7443/xpay/Gateway.do]
2016-12-26 16:22:55 [DEBUG] [] Config [aux_url] = [http://xpayclient.lgdacom.net:7080/xpay/Gateway.do]
2016-12-26 16:22:55 [DEBUG] [] Config [log_dir] = [C:\APM_Setup\htdocs\bluepod\pg\smartXPay\lgdacom/../log/]
2016-12-26 16:22:55 [DEBUG] [] Config [smtskybada33] = [56352fa05f7f284be2a4e975f31292c0]
2016-12-26 16:22:55 [DEBUG] [] Config [tsmtskybada33] = [56352fa05f7f284be2a4e975f31292c0]
