2016-12-22 12:24:05 [INFO ] [] XPayClient initialize [C:\APM_Setup\htdocs\bluepod\order/../pg/smartXPay/lgdacom] [service]
2016-12-22 12:24:05 [DEBUG] [] Config [server_id] = [01]
2016-12-22 12:24:05 [DEBUG] [] Config [timeout] = [60]
2016-12-22 12:24:05 [DEBUG] [] Config [log_level] = [4]
2016-12-22 12:24:05 [DEBUG] [] Config [verify_cert] = [1]
2016-12-22 12:24:05 [DEBUG] [] Config [verify_host] = [1]
2016-12-22 12:24:05 [DEBUG] [] Config [report_error] = [1]
2016-12-22 12:24:05 [DEBUG] [] Config [output_UTF8] = [1]
2016-12-22 12:24:05 [DEBUG] [] Config [auto_rollback] = [1]
2016-12-22 12:24:05 [DEBUG] [] Config [url] = [https://xpayclient.lgdacom.net/xpay/Gateway.do]
2016-12-22 12:24:05 [DEBUG] [] Config [test_url] = [https://xpayclient.lgdacom.net:7443/xpay/Gateway.do]
2016-12-22 12:24:05 [DEBUG] [] Config [aux_url] = [http://xpayclient.lgdacom.net:7080/xpay/Gateway.do]
2016-12-22 12:24:05 [DEBUG] [] Config [log_dir] = [C:\APM_Setup\htdocs\bluepod\pg\smartXPay\lgdacom/../log/]
2016-12-22 12:24:05 [DEBUG] [] Config [smtskybada33] = [56352fa05f7f284be2a4e975f31292c0]
2016-12-22 12:24:05 [DEBUG] [] Config [tsmtskybada33] = [56352fa05f7f284be2a4e975f31292c0]
2016-12-22 16:34:40 [INFO ] [] XPayClient initialize [C:\APM_Setup\htdocs\bluepod\order/../pg/smartXPay/lgdacom] [service]
2016-12-22 16:34:40 [DEBUG] [] Config [server_id] = [01]
2016-12-22 16:34:40 [DEBUG] [] Config [timeout] = [60]
2016-12-22 16:34:40 [DEBUG] [] Config [log_level] = [4]
2016-12-22 16:34:40 [DEBUG] [] Config [verify_cert] = [1]
2016-12-22 16:34:40 [DEBUG] [] Config [verify_host] = [1]
2016-12-22 16:34:40 [DEBUG] [] Config [report_error] = [1]
2016-12-22 16:34:40 [DEBUG] [] Config [output_UTF8] = [1]
2016-12-22 16:34:40 [DEBUG] [] Config [auto_rollback] = [1]
2016-12-22 16:34:40 [DEBUG] [] Config [url] = [https://xpayclient.lgdacom.net/xpay/Gateway.do]
2016-12-22 16:34:40 [DEBUG] [] Config [test_url] = [https://xpayclient.lgdacom.net:7443/xpay/Gateway.do]
2016-12-22 16:34:40 [DEBUG] [] Config [aux_url] = [http://xpayclient.lgdacom.net:7080/xpay/Gateway.do]
2016-12-22 16:34:40 [DEBUG] [] Config [log_dir] = [C:\APM_Setup\htdocs\bluepod\pg\smartXPay\lgdacom/../log/]
2016-12-22 16:34:40 [DEBUG] [] Config [smtskybada33] = [56352fa05f7f284be2a4e975f31292c0]
2016-12-22 16:34:40 [DEBUG] [] Config [tsmtskybada33] = [56352fa05f7f284be2a4e975f31292c0]
