2016-11-08 11:55:09 [INFO ] [] XPayClient initialize [C:\APM_Setup\htdocs\bluepod\order/../pg/smartXPay/lgdacom] [service]
2016-11-08 11:55:09 [DEBUG] [] Config [server_id] = [01]
2016-11-08 11:55:09 [DEBUG] [] Config [timeout] = [60]
2016-11-08 11:55:09 [DEBUG] [] Config [log_level] = [4]
2016-11-08 11:55:09 [DEBUG] [] Config [verify_cert] = [1]
2016-11-08 11:55:09 [DEBUG] [] Config [verify_host] = [1]
2016-11-08 11:55:09 [DEBUG] [] Config [report_error] = [1]
2016-11-08 11:55:09 [DEBUG] [] Config [output_UTF8] = [1]
2016-11-08 11:55:09 [DEBUG] [] Config [auto_rollback] = [1]
2016-11-08 11:55:09 [DEBUG] [] Config [url] = [https://xpayclient.lgdacom.net/xpay/Gateway.do]
2016-11-08 11:55:09 [DEBUG] [] Config [test_url] = [https://xpayclient.lgdacom.net:7443/xpay/Gateway.do]
2016-11-08 11:55:09 [DEBUG] [] Config [aux_url] = [http://xpayclient.lgdacom.net:7080/xpay/Gateway.do]
2016-11-08 11:55:09 [DEBUG] [] Config [log_dir] = [C:\APM_Setup\htdocs\bluepod\pg\smartXPay\lgdacom/../log/]
2016-11-08 11:55:09 [DEBUG] [] Config [smtskybada33] = [56352fa05f7f284be2a4e975f31292c0]
2016-11-08 11:55:09 [DEBUG] [] Config [tsmtskybada33] = [56352fa05f7f284be2a4e975f31292c0]
2016-11-08 11:55:09 [INFO ] [] XPayClient initialize [C:\APM_Setup\htdocs\bluepod\order/../pg/smartXPay/lgdacom] [service]
2016-11-08 11:55:09 [DEBUG] [] Config [server_id] = [01]
2016-11-08 11:55:09 [DEBUG] [] Config [timeout] = [60]
2016-11-08 11:55:09 [DEBUG] [] Config [log_level] = [4]
2016-11-08 11:55:09 [DEBUG] [] Config [verify_cert] = [1]
2016-11-08 11:55:09 [DEBUG] [] Config [verify_host] = [1]
2016-11-08 11:55:09 [DEBUG] [] Config [report_error] = [1]
2016-11-08 11:55:09 [DEBUG] [] Config [output_UTF8] = [1]
2016-11-08 11:55:09 [DEBUG] [] Config [auto_rollback] = [1]
2016-11-08 11:55:09 [DEBUG] [] Config [url] = [https://xpayclient.lgdacom.net/xpay/Gateway.do]
2016-11-08 11:55:09 [DEBUG] [] Config [test_url] = [https://xpayclient.lgdacom.net:7443/xpay/Gateway.do]
2016-11-08 11:55:09 [DEBUG] [] Config [aux_url] = [http://xpayclient.lgdacom.net:7080/xpay/Gateway.do]
2016-11-08 11:55:09 [DEBUG] [] Config [log_dir] = [C:\APM_Setup\htdocs\bluepod\pg\smartXPay\lgdacom/../log/]
2016-11-08 11:55:09 [DEBUG] [] Config [smtskybada33] = [56352fa05f7f284be2a4e975f31292c0]
2016-11-08 11:55:09 [DEBUG] [] Config [tsmtskybada33] = [56352fa05f7f284be2a4e975f31292c0]
2016-11-08 11:56:02 [INFO ] [] XPayClient initialize [C:\APM_Setup\htdocs\bluepod\order/../pg/smartXPay/lgdacom] [service]
2016-11-08 11:56:02 [DEBUG] [] Config [server_id] = [01]
2016-11-08 11:56:02 [DEBUG] [] Config [timeout] = [60]
2016-11-08 11:56:02 [DEBUG] [] Config [log_level] = [4]
2016-11-08 11:56:02 [DEBUG] [] Config [verify_cert] = [1]
2016-11-08 11:56:02 [DEBUG] [] Config [verify_host] = [1]
2016-11-08 11:56:02 [DEBUG] [] Config [report_error] = [1]
2016-11-08 11:56:02 [DEBUG] [] Config [output_UTF8] = [1]
2016-11-08 11:56:02 [DEBUG] [] Config [auto_rollback] = [1]
2016-11-08 11:56:02 [DEBUG] [] Config [url] = [https://xpayclient.lgdacom.net/xpay/Gateway.do]
2016-11-08 11:56:02 [DEBUG] [] Config [test_url] = [https://xpayclient.lgdacom.net:7443/xpay/Gateway.do]
2016-11-08 11:56:02 [DEBUG] [] Config [aux_url] = [http://xpayclient.lgdacom.net:7080/xpay/Gateway.do]
2016-11-08 11:56:02 [DEBUG] [] Config [log_dir] = [C:\APM_Setup\htdocs\bluepod\pg\smartXPay\lgdacom/../log/]
2016-11-08 11:56:02 [DEBUG] [] Config [smtskybada33] = [56352fa05f7f284be2a4e975f31292c0]
2016-11-08 11:56:02 [DEBUG] [] Config [tsmtskybada33] = [56352fa05f7f284be2a4e975f31292c0]
2016-11-08 12:07:00 [INFO ] [] XPayClient initialize [C:\APM_Setup\htdocs\bluepod\order/../pg/smartXPay/lgdacom] [service]
2016-11-08 12:07:00 [DEBUG] [] Config [server_id] = [01]
2016-11-08 12:07:00 [DEBUG] [] Config [timeout] = [60]
2016-11-08 12:07:00 [DEBUG] [] Config [log_level] = [4]
2016-11-08 12:07:00 [DEBUG] [] Config [verify_cert] = [1]
2016-11-08 12:07:00 [DEBUG] [] Config [verify_host] = [1]
2016-11-08 12:07:00 [DEBUG] [] Config [report_error] = [1]
2016-11-08 12:07:00 [DEBUG] [] Config [output_UTF8] = [1]
2016-11-08 12:07:00 [DEBUG] [] Config [auto_rollback] = [1]
2016-11-08 12:07:00 [DEBUG] [] Config [url] = [https://xpayclient.lgdacom.net/xpay/Gateway.do]
2016-11-08 12:07:00 [DEBUG] [] Config [test_url] = [https://xpayclient.lgdacom.net:7443/xpay/Gateway.do]
2016-11-08 12:07:00 [DEBUG] [] Config [aux_url] = [http://xpayclient.lgdacom.net:7080/xpay/Gateway.do]
2016-11-08 12:07:00 [DEBUG] [] Config [log_dir] = [C:\APM_Setup\htdocs\bluepod\pg\smartXPay\lgdacom/../log/]
2016-11-08 12:07:00 [DEBUG] [] Config [smtskybada33] = [56352fa05f7f284be2a4e975f31292c0]
2016-11-08 12:07:00 [DEBUG] [] Config [tsmtskybada33] = [56352fa05f7f284be2a4e975f31292c0]
2016-11-08 12:08:28 [INFO ] [] XPayClient initialize [C:\APM_Setup\htdocs\bluepod\order/../pg/smartXPay/lgdacom] [service]
2016-11-08 12:08:28 [DEBUG] [] Config [server_id] = [01]
2016-11-08 12:08:28 [DEBUG] [] Config [timeout] = [60]
2016-11-08 12:08:28 [DEBUG] [] Config [log_level] = [4]
2016-11-08 12:08:28 [DEBUG] [] Config [verify_cert] = [1]
2016-11-08 12:08:28 [DEBUG] [] Config [verify_host] = [1]
2016-11-08 12:08:28 [DEBUG] [] Config [report_error] = [1]
2016-11-08 12:08:28 [DEBUG] [] Config [output_UTF8] = [1]
2016-11-08 12:08:28 [DEBUG] [] Config [auto_rollback] = [1]
2016-11-08 12:08:28 [DEBUG] [] Config [url] = [https://xpayclient.lgdacom.net/xpay/Gateway.do]
2016-11-08 12:08:28 [DEBUG] [] Config [test_url] = [https://xpayclient.lgdacom.net:7443/xpay/Gateway.do]
2016-11-08 12:08:28 [DEBUG] [] Config [aux_url] = [http://xpayclient.lgdacom.net:7080/xpay/Gateway.do]
2016-11-08 12:08:28 [DEBUG] [] Config [log_dir] = [C:\APM_Setup\htdocs\bluepod\pg\smartXPay\lgdacom/../log/]
2016-11-08 12:08:28 [DEBUG] [] Config [smtskybada33] = [56352fa05f7f284be2a4e975f31292c0]
2016-11-08 12:08:28 [DEBUG] [] Config [tsmtskybada33] = [56352fa05f7f284be2a4e975f31292c0]
2016-11-08 12:23:43 [INFO ] [] XPayClient initialize [C:\APM_Setup\htdocs\bluepod\order/../pg/smartXPay/lgdacom] [service]
2016-11-08 12:23:43 [DEBUG] [] Config [server_id] = [01]
2016-11-08 12:23:43 [DEBUG] [] Config [timeout] = [60]
2016-11-08 12:23:43 [DEBUG] [] Config [log_level] = [4]
2016-11-08 12:23:43 [DEBUG] [] Config [verify_cert] = [1]
2016-11-08 12:23:43 [DEBUG] [] Config [verify_host] = [1]
2016-11-08 12:23:43 [DEBUG] [] Config [report_error] = [1]
2016-11-08 12:23:43 [DEBUG] [] Config [output_UTF8] = [1]
2016-11-08 12:23:43 [DEBUG] [] Config [auto_rollback] = [1]
2016-11-08 12:23:43 [DEBUG] [] Config [url] = [https://xpayclient.lgdacom.net/xpay/Gateway.do]
2016-11-08 12:23:43 [DEBUG] [] Config [test_url] = [https://xpayclient.lgdacom.net:7443/xpay/Gateway.do]
2016-11-08 12:23:43 [DEBUG] [] Config [aux_url] = [http://xpayclient.lgdacom.net:7080/xpay/Gateway.do]
2016-11-08 12:23:43 [DEBUG] [] Config [log_dir] = [C:\APM_Setup\htdocs\bluepod\pg\smartXPay\lgdacom/../log/]
2016-11-08 12:23:44 [DEBUG] [] Config [smtskybada33] = [56352fa05f7f284be2a4e975f31292c0]
2016-11-08 12:23:44 [DEBUG] [] Config [tsmtskybada33] = [56352fa05f7f284be2a4e975f31292c0]
2016-11-08 12:27:40 [INFO ] [] XPayClient initialize [C:\APM_Setup\htdocs\bluepod\order/../pg/smartXPay/lgdacom] [service]
2016-11-08 12:27:40 [DEBUG] [] Config [server_id] = [01]
2016-11-08 12:27:40 [DEBUG] [] Config [timeout] = [60]
2016-11-08 12:27:40 [DEBUG] [] Config [log_level] = [4]
2016-11-08 12:27:40 [DEBUG] [] Config [verify_cert] = [1]
2016-11-08 12:27:40 [DEBUG] [] Config [verify_host] = [1]
2016-11-08 12:27:40 [DEBUG] [] Config [report_error] = [1]
2016-11-08 12:27:40 [DEBUG] [] Config [output_UTF8] = [1]
2016-11-08 12:27:40 [DEBUG] [] Config [auto_rollback] = [1]
2016-11-08 12:27:40 [DEBUG] [] Config [url] = [https://xpayclient.lgdacom.net/xpay/Gateway.do]
2016-11-08 12:27:40 [DEBUG] [] Config [test_url] = [https://xpayclient.lgdacom.net:7443/xpay/Gateway.do]
2016-11-08 12:27:40 [DEBUG] [] Config [aux_url] = [http://xpayclient.lgdacom.net:7080/xpay/Gateway.do]
2016-11-08 12:27:40 [DEBUG] [] Config [log_dir] = [C:\APM_Setup\htdocs\bluepod\pg\smartXPay\lgdacom/../log/]
2016-11-08 12:27:40 [DEBUG] [] Config [smtskybada33] = [56352fa05f7f284be2a4e975f31292c0]
2016-11-08 12:27:40 [DEBUG] [] Config [tsmtskybada33] = [56352fa05f7f284be2a4e975f31292c0]
2016-11-08 12:30:29 [INFO ] [] XPayClient initialize [C:\APM_Setup\htdocs\bluepod\order/../pg/smartXPay/lgdacom] [service]
2016-11-08 12:30:29 [DEBUG] [] Config [server_id] = [01]
2016-11-08 12:30:29 [DEBUG] [] Config [timeout] = [60]
2016-11-08 12:30:29 [DEBUG] [] Config [log_level] = [4]
2016-11-08 12:30:29 [DEBUG] [] Config [verify_cert] = [1]
2016-11-08 12:30:29 [DEBUG] [] Config [verify_host] = [1]
2016-11-08 12:30:29 [DEBUG] [] Config [report_error] = [1]
2016-11-08 12:30:29 [DEBUG] [] Config [output_UTF8] = [1]
2016-11-08 12:30:29 [DEBUG] [] Config [auto_rollback] = [1]
2016-11-08 12:30:29 [DEBUG] [] Config [url] = [https://xpayclient.lgdacom.net/xpay/Gateway.do]
2016-11-08 12:30:29 [DEBUG] [] Config [test_url] = [https://xpayclient.lgdacom.net:7443/xpay/Gateway.do]
2016-11-08 12:30:29 [DEBUG] [] Config [aux_url] = [http://xpayclient.lgdacom.net:7080/xpay/Gateway.do]
2016-11-08 12:30:29 [DEBUG] [] Config [log_dir] = [C:\APM_Setup\htdocs\bluepod\pg\smartXPay\lgdacom/../log/]
2016-11-08 12:30:29 [DEBUG] [] Config [smtskybada33] = [56352fa05f7f284be2a4e975f31292c0]
2016-11-08 12:30:29 [DEBUG] [] Config [tsmtskybada33] = [56352fa05f7f284be2a4e975f31292c0]
2016-11-08 14:30:02 [INFO ] [] XPayClient initialize [C:\APM_Setup\htdocs\bluepod\order/../pg/smartXPay/lgdacom] [service]
2016-11-08 14:30:02 [DEBUG] [] Config [server_id] = [01]
2016-11-08 14:30:02 [DEBUG] [] Config [timeout] = [60]
2016-11-08 14:30:02 [DEBUG] [] Config [log_level] = [4]
2016-11-08 14:30:02 [DEBUG] [] Config [verify_cert] = [1]
2016-11-08 14:30:02 [DEBUG] [] Config [verify_host] = [1]
2016-11-08 14:30:02 [DEBUG] [] Config [report_error] = [1]
2016-11-08 14:30:02 [DEBUG] [] Config [output_UTF8] = [1]
2016-11-08 14:30:02 [DEBUG] [] Config [auto_rollback] = [1]
2016-11-08 14:30:02 [DEBUG] [] Config [url] = [https://xpayclient.lgdacom.net/xpay/Gateway.do]
2016-11-08 14:30:02 [DEBUG] [] Config [test_url] = [https://xpayclient.lgdacom.net:7443/xpay/Gateway.do]
2016-11-08 14:30:02 [DEBUG] [] Config [aux_url] = [http://xpayclient.lgdacom.net:7080/xpay/Gateway.do]
2016-11-08 14:30:02 [DEBUG] [] Config [log_dir] = [C:\APM_Setup\htdocs\bluepod\pg\smartXPay\lgdacom/../log/]
2016-11-08 14:30:02 [DEBUG] [] Config [smtskybada33] = [56352fa05f7f284be2a4e975f31292c0]
2016-11-08 14:30:02 [DEBUG] [] Config [tsmtskybada33] = [56352fa05f7f284be2a4e975f31292c0]
2016-11-08 14:30:41 [INFO ] [] XPayClient initialize [C:\APM_Setup\htdocs\bluepod\order/../pg/smartXPay/lgdacom] [service]
2016-11-08 14:30:41 [DEBUG] [] Config [server_id] = [01]
2016-11-08 14:30:41 [DEBUG] [] Config [timeout] = [60]
2016-11-08 14:30:41 [DEBUG] [] Config [log_level] = [4]
2016-11-08 14:30:41 [DEBUG] [] Config [verify_cert] = [1]
2016-11-08 14:30:41 [DEBUG] [] Config [verify_host] = [1]
2016-11-08 14:30:41 [DEBUG] [] Config [report_error] = [1]
2016-11-08 14:30:41 [DEBUG] [] Config [output_UTF8] = [1]
2016-11-08 14:30:41 [DEBUG] [] Config [auto_rollback] = [1]
2016-11-08 14:30:41 [DEBUG] [] Config [url] = [https://xpayclient.lgdacom.net/xpay/Gateway.do]
2016-11-08 14:30:41 [DEBUG] [] Config [test_url] = [https://xpayclient.lgdacom.net:7443/xpay/Gateway.do]
2016-11-08 14:30:41 [DEBUG] [] Config [aux_url] = [http://xpayclient.lgdacom.net:7080/xpay/Gateway.do]
2016-11-08 14:30:41 [DEBUG] [] Config [log_dir] = [C:\APM_Setup\htdocs\bluepod\pg\smartXPay\lgdacom/../log/]
2016-11-08 14:30:41 [DEBUG] [] Config [smtskybada33] = [56352fa05f7f284be2a4e975f31292c0]
2016-11-08 14:30:41 [DEBUG] [] Config [tsmtskybada33] = [56352fa05f7f284be2a4e975f31292c0]
2016-11-08 14:31:43 [INFO ] [] XPayClient initialize [C:\APM_Setup\htdocs\bluepod\order/../pg/smartXPay/lgdacom] [service]
2016-11-08 14:31:43 [DEBUG] [] Config [server_id] = [01]
2016-11-08 14:31:43 [DEBUG] [] Config [timeout] = [60]
2016-11-08 14:31:43 [DEBUG] [] Config [log_level] = [4]
2016-11-08 14:31:43 [DEBUG] [] Config [verify_cert] = [1]
2016-11-08 14:31:43 [DEBUG] [] Config [verify_host] = [1]
2016-11-08 14:31:43 [DEBUG] [] Config [report_error] = [1]
2016-11-08 14:31:43 [DEBUG] [] Config [output_UTF8] = [1]
2016-11-08 14:31:43 [DEBUG] [] Config [auto_rollback] = [1]
2016-11-08 14:31:43 [DEBUG] [] Config [url] = [https://xpayclient.lgdacom.net/xpay/Gateway.do]
2016-11-08 14:31:43 [DEBUG] [] Config [test_url] = [https://xpayclient.lgdacom.net:7443/xpay/Gateway.do]
2016-11-08 14:31:43 [DEBUG] [] Config [aux_url] = [http://xpayclient.lgdacom.net:7080/xpay/Gateway.do]
2016-11-08 14:31:43 [DEBUG] [] Config [log_dir] = [C:\APM_Setup\htdocs\bluepod\pg\smartXPay\lgdacom/../log/]
2016-11-08 14:31:43 [DEBUG] [] Config [smtskybada33] = [56352fa05f7f284be2a4e975f31292c0]
2016-11-08 14:31:43 [DEBUG] [] Config [tsmtskybada33] = [56352fa05f7f284be2a4e975f31292c0]
2016-11-08 14:32:58 [INFO ] [] XPayClient initialize [C:\APM_Setup\htdocs\bluepod\order/../pg/smartXPay/lgdacom] [service]
2016-11-08 14:32:58 [DEBUG] [] Config [server_id] = [01]
2016-11-08 14:32:58 [DEBUG] [] Config [timeout] = [60]
2016-11-08 14:32:58 [DEBUG] [] Config [log_level] = [4]
2016-11-08 14:32:58 [DEBUG] [] Config [verify_cert] = [1]
2016-11-08 14:32:58 [DEBUG] [] Config [verify_host] = [1]
2016-11-08 14:32:58 [DEBUG] [] Config [report_error] = [1]
2016-11-08 14:32:58 [DEBUG] [] Config [output_UTF8] = [1]
2016-11-08 14:32:58 [DEBUG] [] Config [auto_rollback] = [1]
2016-11-08 14:32:58 [DEBUG] [] Config [url] = [https://xpayclient.lgdacom.net/xpay/Gateway.do]
2016-11-08 14:32:58 [DEBUG] [] Config [test_url] = [https://xpayclient.lgdacom.net:7443/xpay/Gateway.do]
2016-11-08 14:32:58 [DEBUG] [] Config [aux_url] = [http://xpayclient.lgdacom.net:7080/xpay/Gateway.do]
2016-11-08 14:32:58 [DEBUG] [] Config [log_dir] = [C:\APM_Setup\htdocs\bluepod\pg\smartXPay\lgdacom/../log/]
2016-11-08 14:32:58 [DEBUG] [] Config [smtskybada33] = [56352fa05f7f284be2a4e975f31292c0]
2016-11-08 14:32:58 [DEBUG] [] Config [tsmtskybada33] = [56352fa05f7f284be2a4e975f31292c0]
2016-11-08 14:33:54 [INFO ] [] XPayClient initialize [C:\APM_Setup\htdocs\bluepod\order/../pg/smartXPay/lgdacom] [service]
2016-11-08 14:33:54 [DEBUG] [] Config [server_id] = [01]
2016-11-08 14:33:54 [DEBUG] [] Config [timeout] = [60]
2016-11-08 14:33:54 [DEBUG] [] Config [log_level] = [4]
2016-11-08 14:33:54 [DEBUG] [] Config [verify_cert] = [1]
2016-11-08 14:33:54 [DEBUG] [] Config [verify_host] = [1]
2016-11-08 14:33:54 [DEBUG] [] Config [report_error] = [1]
2016-11-08 14:33:54 [DEBUG] [] Config [output_UTF8] = [1]
2016-11-08 14:33:54 [DEBUG] [] Config [auto_rollback] = [1]
2016-11-08 14:33:54 [DEBUG] [] Config [url] = [https://xpayclient.lgdacom.net/xpay/Gateway.do]
2016-11-08 14:33:54 [DEBUG] [] Config [test_url] = [https://xpayclient.lgdacom.net:7443/xpay/Gateway.do]
2016-11-08 14:33:54 [DEBUG] [] Config [aux_url] = [http://xpayclient.lgdacom.net:7080/xpay/Gateway.do]
2016-11-08 14:33:54 [DEBUG] [] Config [log_dir] = [C:\APM_Setup\htdocs\bluepod\pg\smartXPay\lgdacom/../log/]
2016-11-08 14:33:54 [DEBUG] [] Config [smtskybada33] = [56352fa05f7f284be2a4e975f31292c0]
2016-11-08 14:33:54 [DEBUG] [] Config [tsmtskybada33] = [56352fa05f7f284be2a4e975f31292c0]
2016-11-08 14:42:54 [INFO ] [] XPayClient initialize [C:\APM_Setup\htdocs\bluepod\order/../pg/smartXPay/lgdacom] [service]
2016-11-08 14:42:54 [DEBUG] [] Config [server_id] = [01]
2016-11-08 14:42:54 [DEBUG] [] Config [timeout] = [60]
2016-11-08 14:42:54 [DEBUG] [] Config [log_level] = [4]
2016-11-08 14:42:54 [DEBUG] [] Config [verify_cert] = [1]
2016-11-08 14:42:54 [DEBUG] [] Config [verify_host] = [1]
2016-11-08 14:42:54 [DEBUG] [] Config [report_error] = [1]
2016-11-08 14:42:54 [DEBUG] [] Config [output_UTF8] = [1]
2016-11-08 14:42:54 [DEBUG] [] Config [auto_rollback] = [1]
2016-11-08 14:42:54 [DEBUG] [] Config [url] = [https://xpayclient.lgdacom.net/xpay/Gateway.do]
2016-11-08 14:42:54 [DEBUG] [] Config [test_url] = [https://xpayclient.lgdacom.net:7443/xpay/Gateway.do]
2016-11-08 14:42:54 [DEBUG] [] Config [aux_url] = [http://xpayclient.lgdacom.net:7080/xpay/Gateway.do]
2016-11-08 14:42:54 [DEBUG] [] Config [log_dir] = [C:\APM_Setup\htdocs\bluepod\pg\smartXPay\lgdacom/../log/]
2016-11-08 14:42:54 [DEBUG] [] Config [smtskybada33] = [56352fa05f7f284be2a4e975f31292c0]
2016-11-08 14:42:54 [DEBUG] [] Config [tsmtskybada33] = [56352fa05f7f284be2a4e975f31292c0]
2016-11-08 14:43:45 [INFO ] [] XPayClient initialize [C:\APM_Setup\htdocs\bluepod\order/../pg/smartXPay/lgdacom] [service]
2016-11-08 14:43:45 [DEBUG] [] Config [server_id] = [01]
2016-11-08 14:43:45 [DEBUG] [] Config [timeout] = [60]
2016-11-08 14:43:45 [DEBUG] [] Config [log_level] = [4]
2016-11-08 14:43:45 [DEBUG] [] Config [verify_cert] = [1]
2016-11-08 14:43:45 [DEBUG] [] Config [verify_host] = [1]
2016-11-08 14:43:45 [DEBUG] [] Config [report_error] = [1]
2016-11-08 14:43:45 [DEBUG] [] Config [output_UTF8] = [1]
2016-11-08 14:43:45 [DEBUG] [] Config [auto_rollback] = [1]
2016-11-08 14:43:45 [DEBUG] [] Config [url] = [https://xpayclient.lgdacom.net/xpay/Gateway.do]
2016-11-08 14:43:45 [DEBUG] [] Config [test_url] = [https://xpayclient.lgdacom.net:7443/xpay/Gateway.do]
2016-11-08 14:43:45 [DEBUG] [] Config [aux_url] = [http://xpayclient.lgdacom.net:7080/xpay/Gateway.do]
2016-11-08 14:43:45 [DEBUG] [] Config [log_dir] = [C:\APM_Setup\htdocs\bluepod\pg\smartXPay\lgdacom/../log/]
2016-11-08 14:43:45 [DEBUG] [] Config [smtskybada33] = [56352fa05f7f284be2a4e975f31292c0]
2016-11-08 14:43:45 [DEBUG] [] Config [tsmtskybada33] = [56352fa05f7f284be2a4e975f31292c0]
2016-11-08 14:45:34 [INFO ] [] XPayClient initialize [C:\APM_Setup\htdocs\bluepod\order/../pg/smartXPay/lgdacom] [service]
2016-11-08 14:45:34 [DEBUG] [] Config [server_id] = [01]
2016-11-08 14:45:34 [DEBUG] [] Config [timeout] = [60]
2016-11-08 14:45:34 [DEBUG] [] Config [log_level] = [4]
2016-11-08 14:45:34 [DEBUG] [] Config [verify_cert] = [1]
2016-11-08 14:45:34 [DEBUG] [] Config [verify_host] = [1]
2016-11-08 14:45:34 [DEBUG] [] Config [report_error] = [1]
2016-11-08 14:45:34 [DEBUG] [] Config [output_UTF8] = [1]
2016-11-08 14:45:34 [DEBUG] [] Config [auto_rollback] = [1]
2016-11-08 14:45:34 [DEBUG] [] Config [url] = [https://xpayclient.lgdacom.net/xpay/Gateway.do]
2016-11-08 14:45:34 [DEBUG] [] Config [test_url] = [https://xpayclient.lgdacom.net:7443/xpay/Gateway.do]
2016-11-08 14:45:34 [DEBUG] [] Config [aux_url] = [http://xpayclient.lgdacom.net:7080/xpay/Gateway.do]
2016-11-08 14:45:34 [DEBUG] [] Config [log_dir] = [C:\APM_Setup\htdocs\bluepod\pg\smartXPay\lgdacom/../log/]
2016-11-08 14:45:34 [DEBUG] [] Config [smtskybada33] = [56352fa05f7f284be2a4e975f31292c0]
2016-11-08 14:45:34 [DEBUG] [] Config [tsmtskybada33] = [56352fa05f7f284be2a4e975f31292c0]
2016-11-08 14:46:48 [INFO ] [] XPayClient initialize [C:\APM_Setup\htdocs\bluepod\order/../pg/smartXPay/lgdacom] [service]
2016-11-08 14:46:48 [DEBUG] [] Config [server_id] = [01]
2016-11-08 14:46:48 [DEBUG] [] Config [timeout] = [60]
2016-11-08 14:46:48 [DEBUG] [] Config [log_level] = [4]
2016-11-08 14:46:48 [DEBUG] [] Config [verify_cert] = [1]
2016-11-08 14:46:48 [DEBUG] [] Config [verify_host] = [1]
2016-11-08 14:46:48 [DEBUG] [] Config [report_error] = [1]
2016-11-08 14:46:48 [DEBUG] [] Config [output_UTF8] = [1]
2016-11-08 14:46:48 [DEBUG] [] Config [auto_rollback] = [1]
2016-11-08 14:46:48 [DEBUG] [] Config [url] = [https://xpayclient.lgdacom.net/xpay/Gateway.do]
2016-11-08 14:46:48 [DEBUG] [] Config [test_url] = [https://xpayclient.lgdacom.net:7443/xpay/Gateway.do]
2016-11-08 14:46:48 [DEBUG] [] Config [aux_url] = [http://xpayclient.lgdacom.net:7080/xpay/Gateway.do]
2016-11-08 14:46:48 [DEBUG] [] Config [log_dir] = [C:\APM_Setup\htdocs\bluepod\pg\smartXPay\lgdacom/../log/]
2016-11-08 14:46:48 [DEBUG] [] Config [smtskybada33] = [56352fa05f7f284be2a4e975f31292c0]
2016-11-08 14:46:48 [DEBUG] [] Config [tsmtskybada33] = [56352fa05f7f284be2a4e975f31292c0]
2016-11-08 15:39:02 [INFO ] [] XPayClient initialize [C:\APM_Setup\htdocs\bluepod\order/../pg/smartXPay/lgdacom] [service]
2016-11-08 15:39:02 [DEBUG] [] Config [server_id] = [01]
2016-11-08 15:39:02 [DEBUG] [] Config [timeout] = [60]
2016-11-08 15:39:02 [DEBUG] [] Config [log_level] = [4]
2016-11-08 15:39:02 [DEBUG] [] Config [verify_cert] = [1]
2016-11-08 15:39:02 [DEBUG] [] Config [verify_host] = [1]
2016-11-08 15:39:02 [DEBUG] [] Config [report_error] = [1]
2016-11-08 15:39:02 [DEBUG] [] Config [output_UTF8] = [1]
2016-11-08 15:39:02 [DEBUG] [] Config [auto_rollback] = [1]
2016-11-08 15:39:02 [DEBUG] [] Config [url] = [https://xpayclient.lgdacom.net/xpay/Gateway.do]
2016-11-08 15:39:02 [DEBUG] [] Config [test_url] = [https://xpayclient.lgdacom.net:7443/xpay/Gateway.do]
2016-11-08 15:39:02 [DEBUG] [] Config [aux_url] = [http://xpayclient.lgdacom.net:7080/xpay/Gateway.do]
2016-11-08 15:39:02 [DEBUG] [] Config [log_dir] = [C:\APM_Setup\htdocs\bluepod\pg\smartXPay\lgdacom/../log/]
2016-11-08 15:39:02 [DEBUG] [] Config [smtskybada33] = [56352fa05f7f284be2a4e975f31292c0]
2016-11-08 15:39:02 [DEBUG] [] Config [tsmtskybada33] = [56352fa05f7f284be2a4e975f31292c0]
