2016-11-03 10:04:07 [INFO ] [] XPayClient initialize [C:\APM_Setup\htdocs\bluepod\order/../pg/smartXPay/lgdacom] [service]
2016-11-03 10:04:07 [DEBUG] [] Config [server_id] = [01]
2016-11-03 10:04:07 [DEBUG] [] Config [timeout] = [60]
2016-11-03 10:04:07 [DEBUG] [] Config [log_level] = [4]
2016-11-03 10:04:07 [DEBUG] [] Config [verify_cert] = [1]
2016-11-03 10:04:07 [DEBUG] [] Config [verify_host] = [1]
2016-11-03 10:04:07 [DEBUG] [] Config [report_error] = [1]
2016-11-03 10:04:07 [DEBUG] [] Config [output_UTF8] = [1]
2016-11-03 10:04:07 [DEBUG] [] Config [auto_rollback] = [1]
2016-11-03 10:04:07 [DEBUG] [] Config [url] = [https://xpayclient.lgdacom.net/xpay/Gateway.do]
2016-11-03 10:04:07 [DEBUG] [] Config [test_url] = [https://xpayclient.lgdacom.net:7443/xpay/Gateway.do]
2016-11-03 10:04:07 [DEBUG] [] Config [aux_url] = [http://xpayclient.lgdacom.net:7080/xpay/Gateway.do]
2016-11-03 10:04:07 [DEBUG] [] Config [log_dir] = [C:\APM_Setup\htdocs\bluepod\pg\smartXPay\lgdacom/../log/]
2016-11-03 10:04:07 [DEBUG] [] Config [smtskybada33] = [56352fa05f7f284be2a4e975f31292c0]
2016-11-03 10:04:07 [DEBUG] [] Config [tsmtskybada33] = [56352fa05f7f284be2a4e975f31292c0]
2016-11-03 10:05:42 [INFO ] [] XPayClient initialize [C:\APM_Setup\htdocs\bluepod\order/../pg/smartXPay/lgdacom] [service]
2016-11-03 10:05:42 [DEBUG] [] Config [server_id] = [01]
2016-11-03 10:05:42 [DEBUG] [] Config [timeout] = [60]
2016-11-03 10:05:42 [DEBUG] [] Config [log_level] = [4]
2016-11-03 10:05:42 [DEBUG] [] Config [verify_cert] = [1]
2016-11-03 10:05:42 [DEBUG] [] Config [verify_host] = [1]
2016-11-03 10:05:42 [DEBUG] [] Config [report_error] = [1]
2016-11-03 10:05:42 [DEBUG] [] Config [output_UTF8] = [1]
2016-11-03 10:05:42 [DEBUG] [] Config [auto_rollback] = [1]
2016-11-03 10:05:42 [DEBUG] [] Config [url] = [https://xpayclient.lgdacom.net/xpay/Gateway.do]
2016-11-03 10:05:42 [DEBUG] [] Config [test_url] = [https://xpayclient.lgdacom.net:7443/xpay/Gateway.do]
2016-11-03 10:05:42 [DEBUG] [] Config [aux_url] = [http://xpayclient.lgdacom.net:7080/xpay/Gateway.do]
2016-11-03 10:05:42 [DEBUG] [] Config [log_dir] = [C:\APM_Setup\htdocs\bluepod\pg\smartXPay\lgdacom/../log/]
2016-11-03 10:05:42 [DEBUG] [] Config [smtskybada33] = [56352fa05f7f284be2a4e975f31292c0]
2016-11-03 10:05:42 [DEBUG] [] Config [tsmtskybada33] = [56352fa05f7f284be2a4e975f31292c0]
2016-11-03 10:07:21 [INFO ] [] XPayClient initialize [C:\APM_Setup\htdocs\bluepod\order/../pg/smartXPay/lgdacom] [service]
2016-11-03 10:07:21 [DEBUG] [] Config [server_id] = [01]
2016-11-03 10:07:21 [DEBUG] [] Config [timeout] = [60]
2016-11-03 10:07:21 [DEBUG] [] Config [log_level] = [4]
2016-11-03 10:07:21 [DEBUG] [] Config [verify_cert] = [1]
2016-11-03 10:07:21 [DEBUG] [] Config [verify_host] = [1]
2016-11-03 10:07:21 [DEBUG] [] Config [report_error] = [1]
2016-11-03 10:07:21 [DEBUG] [] Config [output_UTF8] = [1]
2016-11-03 10:07:21 [DEBUG] [] Config [auto_rollback] = [1]
2016-11-03 10:07:21 [DEBUG] [] Config [url] = [https://xpayclient.lgdacom.net/xpay/Gateway.do]
2016-11-03 10:07:21 [DEBUG] [] Config [test_url] = [https://xpayclient.lgdacom.net:7443/xpay/Gateway.do]
2016-11-03 10:07:21 [DEBUG] [] Config [aux_url] = [http://xpayclient.lgdacom.net:7080/xpay/Gateway.do]
2016-11-03 10:07:21 [DEBUG] [] Config [log_dir] = [C:\APM_Setup\htdocs\bluepod\pg\smartXPay\lgdacom/../log/]
2016-11-03 10:07:21 [DEBUG] [] Config [smtskybada33] = [56352fa05f7f284be2a4e975f31292c0]
2016-11-03 10:07:21 [DEBUG] [] Config [tsmtskybada33] = [56352fa05f7f284be2a4e975f31292c0]
2016-11-03 10:16:26 [INFO ] [] XPayClient initialize [C:\APM_Setup\htdocs\bluepod\order/../pg/smartXPay/lgdacom] [service]
2016-11-03 10:16:26 [DEBUG] [] Config [server_id] = [01]
2016-11-03 10:16:26 [DEBUG] [] Config [timeout] = [60]
2016-11-03 10:16:26 [DEBUG] [] Config [log_level] = [4]
2016-11-03 10:16:26 [DEBUG] [] Config [verify_cert] = [1]
2016-11-03 10:16:26 [DEBUG] [] Config [verify_host] = [1]
2016-11-03 10:16:26 [DEBUG] [] Config [report_error] = [1]
2016-11-03 10:16:26 [DEBUG] [] Config [output_UTF8] = [1]
2016-11-03 10:16:26 [DEBUG] [] Config [auto_rollback] = [1]
2016-11-03 10:16:26 [DEBUG] [] Config [url] = [https://xpayclient.lgdacom.net/xpay/Gateway.do]
2016-11-03 10:16:26 [DEBUG] [] Config [test_url] = [https://xpayclient.lgdacom.net:7443/xpay/Gateway.do]
2016-11-03 10:16:26 [DEBUG] [] Config [aux_url] = [http://xpayclient.lgdacom.net:7080/xpay/Gateway.do]
2016-11-03 10:16:26 [DEBUG] [] Config [log_dir] = [C:\APM_Setup\htdocs\bluepod\pg\smartXPay\lgdacom/../log/]
2016-11-03 10:16:26 [DEBUG] [] Config [smtskybada33] = [56352fa05f7f284be2a4e975f31292c0]
2016-11-03 10:16:26 [DEBUG] [] Config [tsmtskybada33] = [56352fa05f7f284be2a4e975f31292c0]
2016-11-03 10:41:35 [INFO ] [] XPayClient initialize [C:\APM_Setup\htdocs\bluepod\order/../pg/smartXPay/lgdacom] [service]
2016-11-03 10:41:35 [DEBUG] [] Config [server_id] = [01]
2016-11-03 10:41:35 [DEBUG] [] Config [timeout] = [60]
2016-11-03 10:41:35 [DEBUG] [] Config [log_level] = [4]
2016-11-03 10:41:35 [DEBUG] [] Config [verify_cert] = [1]
2016-11-03 10:41:35 [DEBUG] [] Config [verify_host] = [1]
2016-11-03 10:41:35 [DEBUG] [] Config [report_error] = [1]
2016-11-03 10:41:35 [DEBUG] [] Config [output_UTF8] = [1]
2016-11-03 10:41:35 [DEBUG] [] Config [auto_rollback] = [1]
2016-11-03 10:41:35 [DEBUG] [] Config [url] = [https://xpayclient.lgdacom.net/xpay/Gateway.do]
2016-11-03 10:41:35 [DEBUG] [] Config [test_url] = [https://xpayclient.lgdacom.net:7443/xpay/Gateway.do]
2016-11-03 10:41:35 [DEBUG] [] Config [aux_url] = [http://xpayclient.lgdacom.net:7080/xpay/Gateway.do]
2016-11-03 10:41:35 [DEBUG] [] Config [log_dir] = [C:\APM_Setup\htdocs\bluepod\pg\smartXPay\lgdacom/../log/]
2016-11-03 10:41:35 [DEBUG] [] Config [smtskybada33] = [56352fa05f7f284be2a4e975f31292c0]
2016-11-03 10:41:35 [DEBUG] [] Config [tsmtskybada33] = [56352fa05f7f284be2a4e975f31292c0]
2016-11-03 10:55:38 [INFO ] [] XPayClient initialize [C:\APM_Setup\htdocs\bluepod\order/../pg/smartXPay/lgdacom] [service]
2016-11-03 10:55:38 [DEBUG] [] Config [server_id] = [01]
2016-11-03 10:55:38 [DEBUG] [] Config [timeout] = [60]
2016-11-03 10:55:38 [DEBUG] [] Config [log_level] = [4]
2016-11-03 10:55:38 [DEBUG] [] Config [verify_cert] = [1]
2016-11-03 10:55:38 [DEBUG] [] Config [verify_host] = [1]
2016-11-03 10:55:38 [DEBUG] [] Config [report_error] = [1]
2016-11-03 10:55:38 [DEBUG] [] Config [output_UTF8] = [1]
2016-11-03 10:55:38 [DEBUG] [] Config [auto_rollback] = [1]
2016-11-03 10:55:38 [DEBUG] [] Config [url] = [https://xpayclient.lgdacom.net/xpay/Gateway.do]
2016-11-03 10:55:38 [DEBUG] [] Config [test_url] = [https://xpayclient.lgdacom.net:7443/xpay/Gateway.do]
2016-11-03 10:55:38 [DEBUG] [] Config [aux_url] = [http://xpayclient.lgdacom.net:7080/xpay/Gateway.do]
2016-11-03 10:55:38 [DEBUG] [] Config [log_dir] = [C:\APM_Setup\htdocs\bluepod\pg\smartXPay\lgdacom/../log/]
2016-11-03 10:55:38 [DEBUG] [] Config [smtskybada33] = [56352fa05f7f284be2a4e975f31292c0]
2016-11-03 10:55:38 [DEBUG] [] Config [tsmtskybada33] = [56352fa05f7f284be2a4e975f31292c0]
2016-11-03 10:57:10 [INFO ] [] XPayClient initialize [C:\APM_Setup\htdocs\bluepod\order/../pg/smartXPay/lgdacom] [service]
2016-11-03 10:57:10 [DEBUG] [] Config [server_id] = [01]
2016-11-03 10:57:10 [DEBUG] [] Config [timeout] = [60]
2016-11-03 10:57:10 [DEBUG] [] Config [log_level] = [4]
2016-11-03 10:57:10 [DEBUG] [] Config [verify_cert] = [1]
2016-11-03 10:57:10 [DEBUG] [] Config [verify_host] = [1]
2016-11-03 10:57:10 [DEBUG] [] Config [report_error] = [1]
2016-11-03 10:57:10 [DEBUG] [] Config [output_UTF8] = [1]
2016-11-03 10:57:10 [DEBUG] [] Config [auto_rollback] = [1]
2016-11-03 10:57:10 [DEBUG] [] Config [url] = [https://xpayclient.lgdacom.net/xpay/Gateway.do]
2016-11-03 10:57:10 [DEBUG] [] Config [test_url] = [https://xpayclient.lgdacom.net:7443/xpay/Gateway.do]
2016-11-03 10:57:10 [DEBUG] [] Config [aux_url] = [http://xpayclient.lgdacom.net:7080/xpay/Gateway.do]
2016-11-03 10:57:10 [DEBUG] [] Config [log_dir] = [C:\APM_Setup\htdocs\bluepod\pg\smartXPay\lgdacom/../log/]
2016-11-03 10:57:10 [DEBUG] [] Config [smtskybada33] = [56352fa05f7f284be2a4e975f31292c0]
2016-11-03 10:57:10 [DEBUG] [] Config [tsmtskybada33] = [56352fa05f7f284be2a4e975f31292c0]
2016-11-03 14:18:36 [INFO ] [] XPayClient initialize [C:\APM_Setup\htdocs\bluepod\order/../pg/smartXPay/lgdacom] [service]
2016-11-03 14:18:36 [DEBUG] [] Config [server_id] = [01]
2016-11-03 14:18:36 [DEBUG] [] Config [timeout] = [60]
2016-11-03 14:18:36 [DEBUG] [] Config [log_level] = [4]
2016-11-03 14:18:36 [DEBUG] [] Config [verify_cert] = [1]
2016-11-03 14:18:36 [DEBUG] [] Config [verify_host] = [1]
2016-11-03 14:18:36 [DEBUG] [] Config [report_error] = [1]
2016-11-03 14:18:36 [DEBUG] [] Config [output_UTF8] = [1]
2016-11-03 14:18:36 [DEBUG] [] Config [auto_rollback] = [1]
2016-11-03 14:18:36 [DEBUG] [] Config [url] = [https://xpayclient.lgdacom.net/xpay/Gateway.do]
2016-11-03 14:18:36 [DEBUG] [] Config [test_url] = [https://xpayclient.lgdacom.net:7443/xpay/Gateway.do]
2016-11-03 14:18:36 [DEBUG] [] Config [aux_url] = [http://xpayclient.lgdacom.net:7080/xpay/Gateway.do]
2016-11-03 14:18:36 [DEBUG] [] Config [log_dir] = [C:\APM_Setup\htdocs\bluepod\pg\smartXPay\lgdacom/../log/]
2016-11-03 14:18:36 [DEBUG] [] Config [smtskybada33] = [56352fa05f7f284be2a4e975f31292c0]
2016-11-03 14:18:36 [DEBUG] [] Config [tsmtskybada33] = [56352fa05f7f284be2a4e975f31292c0]
2016-11-03 16:20:10 [INFO ] [] XPayClient initialize [C:\APM_Setup\htdocs\bluepod\order/../pg/smartXPay/lgdacom] [service]
2016-11-03 16:20:10 [DEBUG] [] Config [server_id] = [01]
2016-11-03 16:20:10 [DEBUG] [] Config [timeout] = [60]
2016-11-03 16:20:10 [DEBUG] [] Config [log_level] = [4]
2016-11-03 16:20:10 [DEBUG] [] Config [verify_cert] = [1]
2016-11-03 16:20:10 [DEBUG] [] Config [verify_host] = [1]
2016-11-03 16:20:10 [DEBUG] [] Config [report_error] = [1]
2016-11-03 16:20:10 [DEBUG] [] Config [output_UTF8] = [1]
2016-11-03 16:20:10 [DEBUG] [] Config [auto_rollback] = [1]
2016-11-03 16:20:10 [DEBUG] [] Config [url] = [https://xpayclient.lgdacom.net/xpay/Gateway.do]
2016-11-03 16:20:10 [DEBUG] [] Config [test_url] = [https://xpayclient.lgdacom.net:7443/xpay/Gateway.do]
2016-11-03 16:20:10 [DEBUG] [] Config [aux_url] = [http://xpayclient.lgdacom.net:7080/xpay/Gateway.do]
2016-11-03 16:20:10 [DEBUG] [] Config [log_dir] = [C:\APM_Setup\htdocs\bluepod\pg\smartXPay\lgdacom/../log/]
2016-11-03 16:20:10 [DEBUG] [] Config [smtskybada33] = [56352fa05f7f284be2a4e975f31292c0]
2016-11-03 16:20:10 [DEBUG] [] Config [tsmtskybada33] = [56352fa05f7f284be2a4e975f31292c0]
2016-11-03 17:21:15 [INFO ] [] XPayClient initialize [C:\APM_Setup\htdocs\bluepod\order/../pg/smartXPay/lgdacom] [service]
2016-11-03 17:21:15 [DEBUG] [] Config [server_id] = [01]
2016-11-03 17:21:15 [DEBUG] [] Config [timeout] = [60]
2016-11-03 17:21:15 [DEBUG] [] Config [log_level] = [4]
2016-11-03 17:21:15 [DEBUG] [] Config [verify_cert] = [1]
2016-11-03 17:21:15 [DEBUG] [] Config [verify_host] = [1]
2016-11-03 17:21:15 [DEBUG] [] Config [report_error] = [1]
2016-11-03 17:21:15 [DEBUG] [] Config [output_UTF8] = [1]
2016-11-03 17:21:15 [DEBUG] [] Config [auto_rollback] = [1]
2016-11-03 17:21:15 [DEBUG] [] Config [url] = [https://xpayclient.lgdacom.net/xpay/Gateway.do]
2016-11-03 17:21:15 [DEBUG] [] Config [test_url] = [https://xpayclient.lgdacom.net:7443/xpay/Gateway.do]
2016-11-03 17:21:15 [DEBUG] [] Config [aux_url] = [http://xpayclient.lgdacom.net:7080/xpay/Gateway.do]
2016-11-03 17:21:15 [DEBUG] [] Config [log_dir] = [C:\APM_Setup\htdocs\bluepod\pg\smartXPay\lgdacom/../log/]
2016-11-03 17:21:15 [DEBUG] [] Config [smtskybada33] = [56352fa05f7f284be2a4e975f31292c0]
2016-11-03 17:21:15 [DEBUG] [] Config [tsmtskybada33] = [56352fa05f7f284be2a4e975f31292c0]
2016-11-03 17:21:40 [INFO ] [] XPayClient initialize [C:\APM_Setup\htdocs\bluepod\order/../pg/smartXPay/lgdacom] [service]
2016-11-03 17:21:40 [DEBUG] [] Config [server_id] = [01]
2016-11-03 17:21:40 [DEBUG] [] Config [timeout] = [60]
2016-11-03 17:21:40 [DEBUG] [] Config [log_level] = [4]
2016-11-03 17:21:40 [DEBUG] [] Config [verify_cert] = [1]
2016-11-03 17:21:40 [DEBUG] [] Config [verify_host] = [1]
2016-11-03 17:21:40 [DEBUG] [] Config [report_error] = [1]
2016-11-03 17:21:40 [DEBUG] [] Config [output_UTF8] = [1]
2016-11-03 17:21:40 [DEBUG] [] Config [auto_rollback] = [1]
2016-11-03 17:21:40 [DEBUG] [] Config [url] = [https://xpayclient.lgdacom.net/xpay/Gateway.do]
2016-11-03 17:21:40 [DEBUG] [] Config [test_url] = [https://xpayclient.lgdacom.net:7443/xpay/Gateway.do]
2016-11-03 17:21:40 [DEBUG] [] Config [aux_url] = [http://xpayclient.lgdacom.net:7080/xpay/Gateway.do]
2016-11-03 17:21:40 [DEBUG] [] Config [log_dir] = [C:\APM_Setup\htdocs\bluepod\pg\smartXPay\lgdacom/../log/]
2016-11-03 17:21:40 [DEBUG] [] Config [smtskybada33] = [56352fa05f7f284be2a4e975f31292c0]
2016-11-03 17:21:40 [DEBUG] [] Config [tsmtskybada33] = [56352fa05f7f284be2a4e975f31292c0]
2016-11-03 17:22:40 [INFO ] [] XPayClient initialize [C:\APM_Setup\htdocs\bluepod\order/../pg/smartXPay/lgdacom] [service]
2016-11-03 17:22:40 [DEBUG] [] Config [server_id] = [01]
2016-11-03 17:22:40 [DEBUG] [] Config [timeout] = [60]
2016-11-03 17:22:40 [DEBUG] [] Config [log_level] = [4]
2016-11-03 17:22:40 [DEBUG] [] Config [verify_cert] = [1]
2016-11-03 17:22:40 [DEBUG] [] Config [verify_host] = [1]
2016-11-03 17:22:40 [DEBUG] [] Config [report_error] = [1]
2016-11-03 17:22:40 [DEBUG] [] Config [output_UTF8] = [1]
2016-11-03 17:22:40 [DEBUG] [] Config [auto_rollback] = [1]
2016-11-03 17:22:40 [DEBUG] [] Config [url] = [https://xpayclient.lgdacom.net/xpay/Gateway.do]
2016-11-03 17:22:40 [DEBUG] [] Config [test_url] = [https://xpayclient.lgdacom.net:7443/xpay/Gateway.do]
2016-11-03 17:22:40 [DEBUG] [] Config [aux_url] = [http://xpayclient.lgdacom.net:7080/xpay/Gateway.do]
2016-11-03 17:22:40 [DEBUG] [] Config [log_dir] = [C:\APM_Setup\htdocs\bluepod\pg\smartXPay\lgdacom/../log/]
2016-11-03 17:22:40 [DEBUG] [] Config [smtskybada33] = [56352fa05f7f284be2a4e975f31292c0]
2016-11-03 17:22:40 [DEBUG] [] Config [tsmtskybada33] = [56352fa05f7f284be2a4e975f31292c0]
2016-11-03 17:23:44 [INFO ] [] XPayClient initialize [C:\APM_Setup\htdocs\bluepod\order/../pg/smartXPay/lgdacom] [service]
2016-11-03 17:23:44 [DEBUG] [] Config [server_id] = [01]
2016-11-03 17:23:44 [DEBUG] [] Config [timeout] = [60]
2016-11-03 17:23:44 [DEBUG] [] Config [log_level] = [4]
2016-11-03 17:23:44 [DEBUG] [] Config [verify_cert] = [1]
2016-11-03 17:23:44 [DEBUG] [] Config [verify_host] = [1]
2016-11-03 17:23:44 [DEBUG] [] Config [report_error] = [1]
2016-11-03 17:23:44 [DEBUG] [] Config [output_UTF8] = [1]
2016-11-03 17:23:44 [DEBUG] [] Config [auto_rollback] = [1]
2016-11-03 17:23:44 [DEBUG] [] Config [url] = [https://xpayclient.lgdacom.net/xpay/Gateway.do]
2016-11-03 17:23:44 [DEBUG] [] Config [test_url] = [https://xpayclient.lgdacom.net:7443/xpay/Gateway.do]
2016-11-03 17:23:44 [DEBUG] [] Config [aux_url] = [http://xpayclient.lgdacom.net:7080/xpay/Gateway.do]
2016-11-03 17:23:44 [DEBUG] [] Config [log_dir] = [C:\APM_Setup\htdocs\bluepod\pg\smartXPay\lgdacom/../log/]
2016-11-03 17:23:44 [DEBUG] [] Config [smtskybada33] = [56352fa05f7f284be2a4e975f31292c0]
2016-11-03 17:23:44 [DEBUG] [] Config [tsmtskybada33] = [56352fa05f7f284be2a4e975f31292c0]
