2016-11-02 11:15:22 [INFO ] [] XPayClient initialize [C:\APM_Setup\htdocs\bluepod\order/../pg/smartXPay/lgdacom] [service]
2016-11-02 11:15:22 [DEBUG] [] Config [server_id] = [01]
2016-11-02 11:15:22 [DEBUG] [] Config [timeout] = [60]
2016-11-02 11:15:22 [DEBUG] [] Config [log_level] = [4]
2016-11-02 11:15:22 [DEBUG] [] Config [verify_cert] = [1]
2016-11-02 11:15:22 [DEBUG] [] Config [verify_host] = [1]
2016-11-02 11:15:22 [DEBUG] [] Config [report_error] = [1]
2016-11-02 11:15:22 [DEBUG] [] Config [output_UTF8] = [1]
2016-11-02 11:15:22 [DEBUG] [] Config [auto_rollback] = [1]
2016-11-02 11:15:22 [DEBUG] [] Config [url] = [https://xpayclient.lgdacom.net/xpay/Gateway.do]
2016-11-02 11:15:22 [DEBUG] [] Config [test_url] = [https://xpayclient.lgdacom.net:7443/xpay/Gateway.do]
2016-11-02 11:15:22 [DEBUG] [] Config [aux_url] = [http://xpayclient.lgdacom.net:7080/xpay/Gateway.do]
2016-11-02 11:15:22 [DEBUG] [] Config [log_dir] = [C:\APM_Setup\htdocs\bluepod\pg\smartXPay\lgdacom/../log/]
2016-11-02 11:15:22 [DEBUG] [] Config [smtskybada33] = [56352fa05f7f284be2a4e975f31292c0]
2016-11-02 11:15:22 [DEBUG] [] Config [tsmtskybada33] = [56352fa05f7f284be2a4e975f31292c0]
2016-11-02 11:16:11 [INFO ] [] XPayClient initialize [C:\APM_Setup\htdocs\bluepod\order/../pg/smartXPay/lgdacom] [service]
2016-11-02 11:16:11 [DEBUG] [] Config [server_id] = [01]
2016-11-02 11:16:11 [DEBUG] [] Config [timeout] = [60]
2016-11-02 11:16:11 [DEBUG] [] Config [log_level] = [4]
2016-11-02 11:16:11 [DEBUG] [] Config [verify_cert] = [1]
2016-11-02 11:16:11 [DEBUG] [] Config [verify_host] = [1]
2016-11-02 11:16:11 [DEBUG] [] Config [report_error] = [1]
2016-11-02 11:16:11 [DEBUG] [] Config [output_UTF8] = [1]
2016-11-02 11:16:11 [DEBUG] [] Config [auto_rollback] = [1]
2016-11-02 11:16:11 [DEBUG] [] Config [url] = [https://xpayclient.lgdacom.net/xpay/Gateway.do]
2016-11-02 11:16:11 [DEBUG] [] Config [test_url] = [https://xpayclient.lgdacom.net:7443/xpay/Gateway.do]
2016-11-02 11:16:11 [DEBUG] [] Config [aux_url] = [http://xpayclient.lgdacom.net:7080/xpay/Gateway.do]
2016-11-02 11:16:11 [DEBUG] [] Config [log_dir] = [C:\APM_Setup\htdocs\bluepod\pg\smartXPay\lgdacom/../log/]
2016-11-02 11:16:11 [DEBUG] [] Config [smtskybada33] = [56352fa05f7f284be2a4e975f31292c0]
2016-11-02 11:16:11 [DEBUG] [] Config [tsmtskybada33] = [56352fa05f7f284be2a4e975f31292c0]
2016-11-02 11:16:34 [INFO ] [] XPayClient initialize [C:\APM_Setup\htdocs\bluepod\order/../pg/smartXPay/lgdacom] [service]
2016-11-02 11:16:34 [DEBUG] [] Config [server_id] = [01]
2016-11-02 11:16:34 [DEBUG] [] Config [timeout] = [60]
2016-11-02 11:16:34 [DEBUG] [] Config [log_level] = [4]
2016-11-02 11:16:34 [DEBUG] [] Config [verify_cert] = [1]
2016-11-02 11:16:34 [DEBUG] [] Config [verify_host] = [1]
2016-11-02 11:16:34 [DEBUG] [] Config [report_error] = [1]
2016-11-02 11:16:34 [DEBUG] [] Config [output_UTF8] = [1]
2016-11-02 11:16:34 [DEBUG] [] Config [auto_rollback] = [1]
2016-11-02 11:16:34 [DEBUG] [] Config [url] = [https://xpayclient.lgdacom.net/xpay/Gateway.do]
2016-11-02 11:16:34 [DEBUG] [] Config [test_url] = [https://xpayclient.lgdacom.net:7443/xpay/Gateway.do]
2016-11-02 11:16:34 [DEBUG] [] Config [aux_url] = [http://xpayclient.lgdacom.net:7080/xpay/Gateway.do]
2016-11-02 11:16:34 [DEBUG] [] Config [log_dir] = [C:\APM_Setup\htdocs\bluepod\pg\smartXPay\lgdacom/../log/]
2016-11-02 11:16:34 [DEBUG] [] Config [smtskybada33] = [56352fa05f7f284be2a4e975f31292c0]
2016-11-02 11:16:34 [DEBUG] [] Config [tsmtskybada33] = [56352fa05f7f284be2a4e975f31292c0]
2016-11-02 11:17:32 [INFO ] [] XPayClient initialize [C:\APM_Setup\htdocs\bluepod\order/../pg/smartXPay/lgdacom] [service]
2016-11-02 11:17:32 [DEBUG] [] Config [server_id] = [01]
2016-11-02 11:17:32 [DEBUG] [] Config [timeout] = [60]
2016-11-02 11:17:32 [DEBUG] [] Config [log_level] = [4]
2016-11-02 11:17:32 [DEBUG] [] Config [verify_cert] = [1]
2016-11-02 11:17:32 [DEBUG] [] Config [verify_host] = [1]
2016-11-02 11:17:32 [DEBUG] [] Config [report_error] = [1]
2016-11-02 11:17:32 [DEBUG] [] Config [output_UTF8] = [1]
2016-11-02 11:17:32 [DEBUG] [] Config [auto_rollback] = [1]
2016-11-02 11:17:32 [DEBUG] [] Config [url] = [https://xpayclient.lgdacom.net/xpay/Gateway.do]
2016-11-02 11:17:32 [DEBUG] [] Config [test_url] = [https://xpayclient.lgdacom.net:7443/xpay/Gateway.do]
2016-11-02 11:17:32 [DEBUG] [] Config [aux_url] = [http://xpayclient.lgdacom.net:7080/xpay/Gateway.do]
2016-11-02 11:17:32 [DEBUG] [] Config [log_dir] = [C:\APM_Setup\htdocs\bluepod\pg\smartXPay\lgdacom/../log/]
2016-11-02 11:17:32 [DEBUG] [] Config [smtskybada33] = [56352fa05f7f284be2a4e975f31292c0]
2016-11-02 11:17:32 [DEBUG] [] Config [tsmtskybada33] = [56352fa05f7f284be2a4e975f31292c0]
2016-11-02 11:19:39 [INFO ] [] XPayClient initialize [C:\APM_Setup\htdocs\bluepod\order/../pg/smartXPay/lgdacom] [service]
2016-11-02 11:19:39 [DEBUG] [] Config [server_id] = [01]
2016-11-02 11:19:39 [DEBUG] [] Config [timeout] = [60]
2016-11-02 11:19:39 [DEBUG] [] Config [log_level] = [4]
2016-11-02 11:19:39 [DEBUG] [] Config [verify_cert] = [1]
2016-11-02 11:19:39 [DEBUG] [] Config [verify_host] = [1]
2016-11-02 11:19:39 [DEBUG] [] Config [report_error] = [1]
2016-11-02 11:19:39 [DEBUG] [] Config [output_UTF8] = [1]
2016-11-02 11:19:39 [DEBUG] [] Config [auto_rollback] = [1]
2016-11-02 11:19:39 [DEBUG] [] Config [url] = [https://xpayclient.lgdacom.net/xpay/Gateway.do]
2016-11-02 11:19:39 [DEBUG] [] Config [test_url] = [https://xpayclient.lgdacom.net:7443/xpay/Gateway.do]
2016-11-02 11:19:39 [DEBUG] [] Config [aux_url] = [http://xpayclient.lgdacom.net:7080/xpay/Gateway.do]
2016-11-02 11:19:39 [DEBUG] [] Config [log_dir] = [C:\APM_Setup\htdocs\bluepod\pg\smartXPay\lgdacom/../log/]
2016-11-02 11:19:39 [DEBUG] [] Config [smtskybada33] = [56352fa05f7f284be2a4e975f31292c0]
2016-11-02 11:19:39 [DEBUG] [] Config [tsmtskybada33] = [56352fa05f7f284be2a4e975f31292c0]
2016-11-02 11:20:09 [INFO ] [] XPayClient initialize [C:\APM_Setup\htdocs\bluepod\order/../pg/smartXPay/lgdacom] [service]
2016-11-02 11:20:09 [DEBUG] [] Config [server_id] = [01]
2016-11-02 11:20:09 [DEBUG] [] Config [timeout] = [60]
2016-11-02 11:20:09 [DEBUG] [] Config [log_level] = [4]
2016-11-02 11:20:09 [DEBUG] [] Config [verify_cert] = [1]
2016-11-02 11:20:09 [DEBUG] [] Config [verify_host] = [1]
2016-11-02 11:20:09 [DEBUG] [] Config [report_error] = [1]
2016-11-02 11:20:09 [DEBUG] [] Config [output_UTF8] = [1]
2016-11-02 11:20:09 [DEBUG] [] Config [auto_rollback] = [1]
2016-11-02 11:20:09 [DEBUG] [] Config [url] = [https://xpayclient.lgdacom.net/xpay/Gateway.do]
2016-11-02 11:20:09 [DEBUG] [] Config [test_url] = [https://xpayclient.lgdacom.net:7443/xpay/Gateway.do]
2016-11-02 11:20:09 [DEBUG] [] Config [aux_url] = [http://xpayclient.lgdacom.net:7080/xpay/Gateway.do]
2016-11-02 11:20:09 [DEBUG] [] Config [log_dir] = [C:\APM_Setup\htdocs\bluepod\pg\smartXPay\lgdacom/../log/]
2016-11-02 11:20:09 [DEBUG] [] Config [smtskybada33] = [56352fa05f7f284be2a4e975f31292c0]
2016-11-02 11:20:09 [DEBUG] [] Config [tsmtskybada33] = [56352fa05f7f284be2a4e975f31292c0]
2016-11-02 11:21:10 [INFO ] [] XPayClient initialize [C:\APM_Setup\htdocs\bluepod\order/../pg/smartXPay/lgdacom] [service]
2016-11-02 11:21:10 [DEBUG] [] Config [server_id] = [01]
2016-11-02 11:21:10 [DEBUG] [] Config [timeout] = [60]
2016-11-02 11:21:10 [DEBUG] [] Config [log_level] = [4]
2016-11-02 11:21:10 [DEBUG] [] Config [verify_cert] = [1]
2016-11-02 11:21:10 [DEBUG] [] Config [verify_host] = [1]
2016-11-02 11:21:10 [DEBUG] [] Config [report_error] = [1]
2016-11-02 11:21:10 [DEBUG] [] Config [output_UTF8] = [1]
2016-11-02 11:21:10 [DEBUG] [] Config [auto_rollback] = [1]
2016-11-02 11:21:10 [DEBUG] [] Config [url] = [https://xpayclient.lgdacom.net/xpay/Gateway.do]
2016-11-02 11:21:10 [DEBUG] [] Config [test_url] = [https://xpayclient.lgdacom.net:7443/xpay/Gateway.do]
2016-11-02 11:21:10 [DEBUG] [] Config [aux_url] = [http://xpayclient.lgdacom.net:7080/xpay/Gateway.do]
2016-11-02 11:21:10 [DEBUG] [] Config [log_dir] = [C:\APM_Setup\htdocs\bluepod\pg\smartXPay\lgdacom/../log/]
2016-11-02 11:21:10 [DEBUG] [] Config [smtskybada33] = [56352fa05f7f284be2a4e975f31292c0]
2016-11-02 11:21:10 [DEBUG] [] Config [tsmtskybada33] = [56352fa05f7f284be2a4e975f31292c0]
2016-11-02 11:21:16 [INFO ] [] XPayClient initialize [C:\APM_Setup\htdocs\bluepod\order/../pg/smartXPay/lgdacom] [service]
2016-11-02 11:21:16 [DEBUG] [] Config [server_id] = [01]
2016-11-02 11:21:16 [DEBUG] [] Config [timeout] = [60]
2016-11-02 11:21:16 [DEBUG] [] Config [log_level] = [4]
2016-11-02 11:21:16 [DEBUG] [] Config [verify_cert] = [1]
2016-11-02 11:21:16 [DEBUG] [] Config [verify_host] = [1]
2016-11-02 11:21:16 [DEBUG] [] Config [report_error] = [1]
2016-11-02 11:21:16 [DEBUG] [] Config [output_UTF8] = [1]
2016-11-02 11:21:16 [DEBUG] [] Config [auto_rollback] = [1]
2016-11-02 11:21:16 [DEBUG] [] Config [url] = [https://xpayclient.lgdacom.net/xpay/Gateway.do]
2016-11-02 11:21:16 [DEBUG] [] Config [test_url] = [https://xpayclient.lgdacom.net:7443/xpay/Gateway.do]
2016-11-02 11:21:16 [DEBUG] [] Config [aux_url] = [http://xpayclient.lgdacom.net:7080/xpay/Gateway.do]
2016-11-02 11:21:16 [DEBUG] [] Config [log_dir] = [C:\APM_Setup\htdocs\bluepod\pg\smartXPay\lgdacom/../log/]
2016-11-02 11:21:16 [DEBUG] [] Config [smtskybada33] = [56352fa05f7f284be2a4e975f31292c0]
2016-11-02 11:21:16 [DEBUG] [] Config [tsmtskybada33] = [56352fa05f7f284be2a4e975f31292c0]
2016-11-02 11:21:29 [INFO ] [] XPayClient initialize [C:\APM_Setup\htdocs\bluepod\order/../pg/smartXPay/lgdacom] [service]
2016-11-02 11:21:29 [DEBUG] [] Config [server_id] = [01]
2016-11-02 11:21:29 [DEBUG] [] Config [timeout] = [60]
2016-11-02 11:21:29 [DEBUG] [] Config [log_level] = [4]
2016-11-02 11:21:29 [DEBUG] [] Config [verify_cert] = [1]
2016-11-02 11:21:29 [DEBUG] [] Config [verify_host] = [1]
2016-11-02 11:21:29 [DEBUG] [] Config [report_error] = [1]
2016-11-02 11:21:29 [DEBUG] [] Config [output_UTF8] = [1]
2016-11-02 11:21:29 [DEBUG] [] Config [auto_rollback] = [1]
2016-11-02 11:21:29 [DEBUG] [] Config [url] = [https://xpayclient.lgdacom.net/xpay/Gateway.do]
2016-11-02 11:21:29 [DEBUG] [] Config [test_url] = [https://xpayclient.lgdacom.net:7443/xpay/Gateway.do]
2016-11-02 11:21:29 [DEBUG] [] Config [aux_url] = [http://xpayclient.lgdacom.net:7080/xpay/Gateway.do]
2016-11-02 11:21:29 [DEBUG] [] Config [log_dir] = [C:\APM_Setup\htdocs\bluepod\pg\smartXPay\lgdacom/../log/]
2016-11-02 11:21:29 [DEBUG] [] Config [smtskybada33] = [56352fa05f7f284be2a4e975f31292c0]
2016-11-02 11:21:29 [DEBUG] [] Config [tsmtskybada33] = [56352fa05f7f284be2a4e975f31292c0]
2016-11-02 11:21:31 [INFO ] [] XPayClient initialize [C:\APM_Setup\htdocs\bluepod\order/../pg/smartXPay/lgdacom] [service]
2016-11-02 11:21:31 [DEBUG] [] Config [server_id] = [01]
2016-11-02 11:21:31 [DEBUG] [] Config [timeout] = [60]
2016-11-02 11:21:31 [DEBUG] [] Config [log_level] = [4]
2016-11-02 11:21:31 [DEBUG] [] Config [verify_cert] = [1]
2016-11-02 11:21:31 [DEBUG] [] Config [verify_host] = [1]
2016-11-02 11:21:31 [DEBUG] [] Config [report_error] = [1]
2016-11-02 11:21:31 [DEBUG] [] Config [output_UTF8] = [1]
2016-11-02 11:21:31 [DEBUG] [] Config [auto_rollback] = [1]
2016-11-02 11:21:31 [DEBUG] [] Config [url] = [https://xpayclient.lgdacom.net/xpay/Gateway.do]
2016-11-02 11:21:31 [DEBUG] [] Config [test_url] = [https://xpayclient.lgdacom.net:7443/xpay/Gateway.do]
2016-11-02 11:21:31 [DEBUG] [] Config [aux_url] = [http://xpayclient.lgdacom.net:7080/xpay/Gateway.do]
2016-11-02 11:21:31 [DEBUG] [] Config [log_dir] = [C:\APM_Setup\htdocs\bluepod\pg\smartXPay\lgdacom/../log/]
2016-11-02 11:21:31 [DEBUG] [] Config [smtskybada33] = [56352fa05f7f284be2a4e975f31292c0]
2016-11-02 11:21:31 [DEBUG] [] Config [tsmtskybada33] = [56352fa05f7f284be2a4e975f31292c0]
2016-11-02 11:21:38 [INFO ] [] XPayClient initialize [C:\APM_Setup\htdocs\bluepod\order/../pg/smartXPay/lgdacom] [service]
2016-11-02 11:21:38 [DEBUG] [] Config [server_id] = [01]
2016-11-02 11:21:38 [DEBUG] [] Config [timeout] = [60]
2016-11-02 11:21:38 [DEBUG] [] Config [log_level] = [4]
2016-11-02 11:21:38 [DEBUG] [] Config [verify_cert] = [1]
2016-11-02 11:21:38 [DEBUG] [] Config [verify_host] = [1]
2016-11-02 11:21:38 [DEBUG] [] Config [report_error] = [1]
2016-11-02 11:21:38 [DEBUG] [] Config [output_UTF8] = [1]
2016-11-02 11:21:38 [DEBUG] [] Config [auto_rollback] = [1]
2016-11-02 11:21:38 [DEBUG] [] Config [url] = [https://xpayclient.lgdacom.net/xpay/Gateway.do]
2016-11-02 11:21:38 [DEBUG] [] Config [test_url] = [https://xpayclient.lgdacom.net:7443/xpay/Gateway.do]
2016-11-02 11:21:38 [DEBUG] [] Config [aux_url] = [http://xpayclient.lgdacom.net:7080/xpay/Gateway.do]
2016-11-02 11:21:38 [DEBUG] [] Config [log_dir] = [C:\APM_Setup\htdocs\bluepod\pg\smartXPay\lgdacom/../log/]
2016-11-02 11:21:38 [DEBUG] [] Config [smtskybada33] = [56352fa05f7f284be2a4e975f31292c0]
2016-11-02 11:21:38 [DEBUG] [] Config [tsmtskybada33] = [56352fa05f7f284be2a4e975f31292c0]
2016-11-02 11:21:42 [INFO ] [] XPayClient initialize [C:\APM_Setup\htdocs\bluepod\order/../pg/smartXPay/lgdacom] [service]
2016-11-02 11:21:42 [DEBUG] [] Config [server_id] = [01]
2016-11-02 11:21:42 [DEBUG] [] Config [timeout] = [60]
2016-11-02 11:21:42 [DEBUG] [] Config [log_level] = [4]
2016-11-02 11:21:42 [DEBUG] [] Config [verify_cert] = [1]
2016-11-02 11:21:42 [DEBUG] [] Config [verify_host] = [1]
2016-11-02 11:21:42 [DEBUG] [] Config [report_error] = [1]
2016-11-02 11:21:42 [DEBUG] [] Config [output_UTF8] = [1]
2016-11-02 11:21:42 [DEBUG] [] Config [auto_rollback] = [1]
2016-11-02 11:21:42 [DEBUG] [] Config [url] = [https://xpayclient.lgdacom.net/xpay/Gateway.do]
2016-11-02 11:21:42 [DEBUG] [] Config [test_url] = [https://xpayclient.lgdacom.net:7443/xpay/Gateway.do]
2016-11-02 11:21:42 [DEBUG] [] Config [aux_url] = [http://xpayclient.lgdacom.net:7080/xpay/Gateway.do]
2016-11-02 11:21:42 [DEBUG] [] Config [log_dir] = [C:\APM_Setup\htdocs\bluepod\pg\smartXPay\lgdacom/../log/]
2016-11-02 11:21:42 [DEBUG] [] Config [smtskybada33] = [56352fa05f7f284be2a4e975f31292c0]
2016-11-02 11:21:42 [DEBUG] [] Config [tsmtskybada33] = [56352fa05f7f284be2a4e975f31292c0]
2016-11-02 11:22:04 [INFO ] [] XPayClient initialize [C:\APM_Setup\htdocs\bluepod\order/../pg/smartXPay/lgdacom] [service]
2016-11-02 11:22:04 [DEBUG] [] Config [server_id] = [01]
2016-11-02 11:22:04 [DEBUG] [] Config [timeout] = [60]
2016-11-02 11:22:04 [DEBUG] [] Config [log_level] = [4]
2016-11-02 11:22:04 [DEBUG] [] Config [verify_cert] = [1]
2016-11-02 11:22:04 [DEBUG] [] Config [verify_host] = [1]
2016-11-02 11:22:04 [DEBUG] [] Config [report_error] = [1]
2016-11-02 11:22:04 [DEBUG] [] Config [output_UTF8] = [1]
2016-11-02 11:22:04 [DEBUG] [] Config [auto_rollback] = [1]
2016-11-02 11:22:04 [DEBUG] [] Config [url] = [https://xpayclient.lgdacom.net/xpay/Gateway.do]
2016-11-02 11:22:04 [DEBUG] [] Config [test_url] = [https://xpayclient.lgdacom.net:7443/xpay/Gateway.do]
2016-11-02 11:22:04 [DEBUG] [] Config [aux_url] = [http://xpayclient.lgdacom.net:7080/xpay/Gateway.do]
2016-11-02 11:22:04 [DEBUG] [] Config [log_dir] = [C:\APM_Setup\htdocs\bluepod\pg\smartXPay\lgdacom/../log/]
2016-11-02 11:22:04 [DEBUG] [] Config [smtskybada33] = [56352fa05f7f284be2a4e975f31292c0]
2016-11-02 11:22:04 [DEBUG] [] Config [tsmtskybada33] = [56352fa05f7f284be2a4e975f31292c0]
2016-11-02 11:23:20 [INFO ] [] XPayClient initialize [C:\APM_Setup\htdocs\bluepod\order/../pg/smartXPay/lgdacom] [service]
2016-11-02 11:23:20 [DEBUG] [] Config [server_id] = [01]
2016-11-02 11:23:20 [DEBUG] [] Config [timeout] = [60]
2016-11-02 11:23:20 [DEBUG] [] Config [log_level] = [4]
2016-11-02 11:23:20 [DEBUG] [] Config [verify_cert] = [1]
2016-11-02 11:23:20 [DEBUG] [] Config [verify_host] = [1]
2016-11-02 11:23:20 [DEBUG] [] Config [report_error] = [1]
2016-11-02 11:23:20 [DEBUG] [] Config [output_UTF8] = [1]
2016-11-02 11:23:20 [DEBUG] [] Config [auto_rollback] = [1]
2016-11-02 11:23:20 [DEBUG] [] Config [url] = [https://xpayclient.lgdacom.net/xpay/Gateway.do]
2016-11-02 11:23:20 [DEBUG] [] Config [test_url] = [https://xpayclient.lgdacom.net:7443/xpay/Gateway.do]
2016-11-02 11:23:20 [DEBUG] [] Config [aux_url] = [http://xpayclient.lgdacom.net:7080/xpay/Gateway.do]
2016-11-02 11:23:20 [DEBUG] [] Config [log_dir] = [C:\APM_Setup\htdocs\bluepod\pg\smartXPay\lgdacom/../log/]
2016-11-02 11:23:20 [DEBUG] [] Config [smtskybada33] = [56352fa05f7f284be2a4e975f31292c0]
2016-11-02 11:23:20 [DEBUG] [] Config [tsmtskybada33] = [56352fa05f7f284be2a4e975f31292c0]
2016-11-02 11:23:24 [INFO ] [] XPayClient initialize [C:\APM_Setup\htdocs\bluepod\order/../pg/smartXPay/lgdacom] [service]
2016-11-02 11:23:24 [DEBUG] [] Config [server_id] = [01]
2016-11-02 11:23:24 [DEBUG] [] Config [timeout] = [60]
2016-11-02 11:23:24 [DEBUG] [] Config [log_level] = [4]
2016-11-02 11:23:24 [DEBUG] [] Config [verify_cert] = [1]
2016-11-02 11:23:24 [DEBUG] [] Config [verify_host] = [1]
2016-11-02 11:23:24 [DEBUG] [] Config [report_error] = [1]
2016-11-02 11:23:24 [DEBUG] [] Config [output_UTF8] = [1]
2016-11-02 11:23:24 [DEBUG] [] Config [auto_rollback] = [1]
2016-11-02 11:23:24 [DEBUG] [] Config [url] = [https://xpayclient.lgdacom.net/xpay/Gateway.do]
2016-11-02 11:23:24 [DEBUG] [] Config [test_url] = [https://xpayclient.lgdacom.net:7443/xpay/Gateway.do]
2016-11-02 11:23:24 [DEBUG] [] Config [aux_url] = [http://xpayclient.lgdacom.net:7080/xpay/Gateway.do]
2016-11-02 11:23:24 [DEBUG] [] Config [log_dir] = [C:\APM_Setup\htdocs\bluepod\pg\smartXPay\lgdacom/../log/]
2016-11-02 11:23:24 [DEBUG] [] Config [smtskybada33] = [56352fa05f7f284be2a4e975f31292c0]
2016-11-02 11:23:24 [DEBUG] [] Config [tsmtskybada33] = [56352fa05f7f284be2a4e975f31292c0]
2016-11-02 11:24:10 [INFO ] [] XPayClient initialize [C:\APM_Setup\htdocs\bluepod\order/../pg/smartXPay/lgdacom] [service]
2016-11-02 11:24:10 [DEBUG] [] Config [server_id] = [01]
2016-11-02 11:24:10 [DEBUG] [] Config [timeout] = [60]
2016-11-02 11:24:10 [DEBUG] [] Config [log_level] = [4]
2016-11-02 11:24:10 [DEBUG] [] Config [verify_cert] = [1]
2016-11-02 11:24:10 [DEBUG] [] Config [verify_host] = [1]
2016-11-02 11:24:10 [DEBUG] [] Config [report_error] = [1]
2016-11-02 11:24:10 [DEBUG] [] Config [output_UTF8] = [1]
2016-11-02 11:24:10 [DEBUG] [] Config [auto_rollback] = [1]
2016-11-02 11:24:10 [DEBUG] [] Config [url] = [https://xpayclient.lgdacom.net/xpay/Gateway.do]
2016-11-02 11:24:10 [DEBUG] [] Config [test_url] = [https://xpayclient.lgdacom.net:7443/xpay/Gateway.do]
2016-11-02 11:24:10 [DEBUG] [] Config [aux_url] = [http://xpayclient.lgdacom.net:7080/xpay/Gateway.do]
2016-11-02 11:24:10 [DEBUG] [] Config [log_dir] = [C:\APM_Setup\htdocs\bluepod\pg\smartXPay\lgdacom/../log/]
2016-11-02 11:24:10 [DEBUG] [] Config [smtskybada33] = [56352fa05f7f284be2a4e975f31292c0]
2016-11-02 11:24:10 [DEBUG] [] Config [tsmtskybada33] = [56352fa05f7f284be2a4e975f31292c0]
2016-11-02 11:24:14 [INFO ] [] XPayClient initialize [C:\APM_Setup\htdocs\bluepod\order/../pg/smartXPay/lgdacom] [service]
2016-11-02 11:24:14 [DEBUG] [] Config [server_id] = [01]
2016-11-02 11:24:14 [DEBUG] [] Config [timeout] = [60]
2016-11-02 11:24:14 [DEBUG] [] Config [log_level] = [4]
2016-11-02 11:24:14 [DEBUG] [] Config [verify_cert] = [1]
2016-11-02 11:24:14 [DEBUG] [] Config [verify_host] = [1]
2016-11-02 11:24:14 [DEBUG] [] Config [report_error] = [1]
2016-11-02 11:24:14 [DEBUG] [] Config [output_UTF8] = [1]
2016-11-02 11:24:14 [DEBUG] [] Config [auto_rollback] = [1]
2016-11-02 11:24:14 [DEBUG] [] Config [url] = [https://xpayclient.lgdacom.net/xpay/Gateway.do]
2016-11-02 11:24:14 [DEBUG] [] Config [test_url] = [https://xpayclient.lgdacom.net:7443/xpay/Gateway.do]
2016-11-02 11:24:14 [DEBUG] [] Config [aux_url] = [http://xpayclient.lgdacom.net:7080/xpay/Gateway.do]
2016-11-02 11:24:14 [DEBUG] [] Config [log_dir] = [C:\APM_Setup\htdocs\bluepod\pg\smartXPay\lgdacom/../log/]
2016-11-02 11:24:14 [DEBUG] [] Config [smtskybada33] = [56352fa05f7f284be2a4e975f31292c0]
2016-11-02 11:24:14 [DEBUG] [] Config [tsmtskybada33] = [56352fa05f7f284be2a4e975f31292c0]
2016-11-02 11:46:28 [INFO ] [] XPayClient initialize [C:\APM_Setup\htdocs\bluepod\order/../pg/smartXPay/lgdacom] [service]
2016-11-02 11:46:28 [DEBUG] [] Config [server_id] = [01]
2016-11-02 11:46:28 [DEBUG] [] Config [timeout] = [60]
2016-11-02 11:46:28 [DEBUG] [] Config [log_level] = [4]
2016-11-02 11:46:28 [DEBUG] [] Config [verify_cert] = [1]
2016-11-02 11:46:28 [DEBUG] [] Config [verify_host] = [1]
2016-11-02 11:46:28 [DEBUG] [] Config [report_error] = [1]
2016-11-02 11:46:28 [DEBUG] [] Config [output_UTF8] = [1]
2016-11-02 11:46:28 [DEBUG] [] Config [auto_rollback] = [1]
2016-11-02 11:46:28 [DEBUG] [] Config [url] = [https://xpayclient.lgdacom.net/xpay/Gateway.do]
2016-11-02 11:46:28 [DEBUG] [] Config [test_url] = [https://xpayclient.lgdacom.net:7443/xpay/Gateway.do]
2016-11-02 11:46:28 [DEBUG] [] Config [aux_url] = [http://xpayclient.lgdacom.net:7080/xpay/Gateway.do]
2016-11-02 11:46:28 [DEBUG] [] Config [log_dir] = [C:\APM_Setup\htdocs\bluepod\pg\smartXPay\lgdacom/../log/]
2016-11-02 11:46:28 [DEBUG] [] Config [smtskybada33] = [56352fa05f7f284be2a4e975f31292c0]
2016-11-02 11:46:28 [DEBUG] [] Config [tsmtskybada33] = [56352fa05f7f284be2a4e975f31292c0]
2016-11-02 11:46:34 [INFO ] [] XPayClient initialize [C:\APM_Setup\htdocs\bluepod\order/../pg/smartXPay/lgdacom] [service]
2016-11-02 11:46:34 [DEBUG] [] Config [server_id] = [01]
2016-11-02 11:46:34 [DEBUG] [] Config [timeout] = [60]
2016-11-02 11:46:34 [DEBUG] [] Config [log_level] = [4]
2016-11-02 11:46:34 [DEBUG] [] Config [verify_cert] = [1]
2016-11-02 11:46:34 [DEBUG] [] Config [verify_host] = [1]
2016-11-02 11:46:34 [DEBUG] [] Config [report_error] = [1]
2016-11-02 11:46:34 [DEBUG] [] Config [output_UTF8] = [1]
2016-11-02 11:46:34 [DEBUG] [] Config [auto_rollback] = [1]
2016-11-02 11:46:34 [DEBUG] [] Config [url] = [https://xpayclient.lgdacom.net/xpay/Gateway.do]
2016-11-02 11:46:34 [DEBUG] [] Config [test_url] = [https://xpayclient.lgdacom.net:7443/xpay/Gateway.do]
2016-11-02 11:46:34 [DEBUG] [] Config [aux_url] = [http://xpayclient.lgdacom.net:7080/xpay/Gateway.do]
2016-11-02 11:46:34 [DEBUG] [] Config [log_dir] = [C:\APM_Setup\htdocs\bluepod\pg\smartXPay\lgdacom/../log/]
2016-11-02 11:46:34 [DEBUG] [] Config [smtskybada33] = [56352fa05f7f284be2a4e975f31292c0]
2016-11-02 11:46:34 [DEBUG] [] Config [tsmtskybada33] = [56352fa05f7f284be2a4e975f31292c0]
2016-11-02 12:00:23 [INFO ] [] XPayClient initialize [C:\APM_Setup\htdocs\bluepod\order/../pg/smartXPay/lgdacom] [service]
2016-11-02 12:00:23 [DEBUG] [] Config [server_id] = [01]
2016-11-02 12:00:23 [DEBUG] [] Config [timeout] = [60]
2016-11-02 12:00:23 [DEBUG] [] Config [log_level] = [4]
2016-11-02 12:00:23 [DEBUG] [] Config [verify_cert] = [1]
2016-11-02 12:00:23 [DEBUG] [] Config [verify_host] = [1]
2016-11-02 12:00:23 [DEBUG] [] Config [report_error] = [1]
2016-11-02 12:00:23 [DEBUG] [] Config [output_UTF8] = [1]
2016-11-02 12:00:23 [DEBUG] [] Config [auto_rollback] = [1]
2016-11-02 12:00:23 [DEBUG] [] Config [url] = [https://xpayclient.lgdacom.net/xpay/Gateway.do]
2016-11-02 12:00:23 [DEBUG] [] Config [test_url] = [https://xpayclient.lgdacom.net:7443/xpay/Gateway.do]
2016-11-02 12:00:23 [DEBUG] [] Config [aux_url] = [http://xpayclient.lgdacom.net:7080/xpay/Gateway.do]
2016-11-02 12:00:23 [DEBUG] [] Config [log_dir] = [C:\APM_Setup\htdocs\bluepod\pg\smartXPay\lgdacom/../log/]
2016-11-02 12:00:23 [DEBUG] [] Config [smtskybada33] = [56352fa05f7f284be2a4e975f31292c0]
2016-11-02 12:00:23 [DEBUG] [] Config [tsmtskybada33] = [56352fa05f7f284be2a4e975f31292c0]
2016-11-02 12:00:33 [INFO ] [] XPayClient initialize [C:\APM_Setup\htdocs\bluepod\order/../pg/smartXPay/lgdacom] [service]
2016-11-02 12:00:33 [DEBUG] [] Config [server_id] = [01]
2016-11-02 12:00:33 [DEBUG] [] Config [timeout] = [60]
2016-11-02 12:00:33 [DEBUG] [] Config [log_level] = [4]
2016-11-02 12:00:33 [DEBUG] [] Config [verify_cert] = [1]
2016-11-02 12:00:33 [DEBUG] [] Config [verify_host] = [1]
2016-11-02 12:00:33 [DEBUG] [] Config [report_error] = [1]
2016-11-02 12:00:33 [DEBUG] [] Config [output_UTF8] = [1]
2016-11-02 12:00:33 [DEBUG] [] Config [auto_rollback] = [1]
2016-11-02 12:00:33 [DEBUG] [] Config [url] = [https://xpayclient.lgdacom.net/xpay/Gateway.do]
2016-11-02 12:00:33 [DEBUG] [] Config [test_url] = [https://xpayclient.lgdacom.net:7443/xpay/Gateway.do]
2016-11-02 12:00:33 [DEBUG] [] Config [aux_url] = [http://xpayclient.lgdacom.net:7080/xpay/Gateway.do]
2016-11-02 12:00:33 [DEBUG] [] Config [log_dir] = [C:\APM_Setup\htdocs\bluepod\pg\smartXPay\lgdacom/../log/]
2016-11-02 12:00:33 [DEBUG] [] Config [smtskybada33] = [56352fa05f7f284be2a4e975f31292c0]
2016-11-02 12:00:33 [DEBUG] [] Config [tsmtskybada33] = [56352fa05f7f284be2a4e975f31292c0]
2016-11-02 12:03:37 [INFO ] [] XPayClient initialize [C:\APM_Setup\htdocs\bluepod\order/../pg/smartXPay/lgdacom] [service]
2016-11-02 12:03:37 [DEBUG] [] Config [server_id] = [01]
2016-11-02 12:03:37 [DEBUG] [] Config [timeout] = [60]
2016-11-02 12:03:37 [DEBUG] [] Config [log_level] = [4]
2016-11-02 12:03:37 [DEBUG] [] Config [verify_cert] = [1]
2016-11-02 12:03:37 [DEBUG] [] Config [verify_host] = [1]
2016-11-02 12:03:37 [DEBUG] [] Config [report_error] = [1]
2016-11-02 12:03:37 [DEBUG] [] Config [output_UTF8] = [1]
2016-11-02 12:03:37 [DEBUG] [] Config [auto_rollback] = [1]
2016-11-02 12:03:37 [DEBUG] [] Config [url] = [https://xpayclient.lgdacom.net/xpay/Gateway.do]
2016-11-02 12:03:37 [DEBUG] [] Config [test_url] = [https://xpayclient.lgdacom.net:7443/xpay/Gateway.do]
2016-11-02 12:03:37 [DEBUG] [] Config [aux_url] = [http://xpayclient.lgdacom.net:7080/xpay/Gateway.do]
2016-11-02 12:03:37 [DEBUG] [] Config [log_dir] = [C:\APM_Setup\htdocs\bluepod\pg\smartXPay\lgdacom/../log/]
2016-11-02 12:03:37 [DEBUG] [] Config [smtskybada33] = [56352fa05f7f284be2a4e975f31292c0]
2016-11-02 12:03:37 [DEBUG] [] Config [tsmtskybada33] = [56352fa05f7f284be2a4e975f31292c0]
2016-11-02 12:07:22 [INFO ] [] XPayClient initialize [C:\APM_Setup\htdocs\bluepod\order/../pg/smartXPay/lgdacom] [service]
2016-11-02 12:07:22 [DEBUG] [] Config [server_id] = [01]
2016-11-02 12:07:22 [DEBUG] [] Config [timeout] = [60]
2016-11-02 12:07:22 [DEBUG] [] Config [log_level] = [4]
2016-11-02 12:07:22 [DEBUG] [] Config [verify_cert] = [1]
2016-11-02 12:07:22 [DEBUG] [] Config [verify_host] = [1]
2016-11-02 12:07:22 [DEBUG] [] Config [report_error] = [1]
2016-11-02 12:07:22 [DEBUG] [] Config [output_UTF8] = [1]
2016-11-02 12:07:22 [DEBUG] [] Config [auto_rollback] = [1]
2016-11-02 12:07:22 [DEBUG] [] Config [url] = [https://xpayclient.lgdacom.net/xpay/Gateway.do]
2016-11-02 12:07:22 [DEBUG] [] Config [test_url] = [https://xpayclient.lgdacom.net:7443/xpay/Gateway.do]
2016-11-02 12:07:22 [DEBUG] [] Config [aux_url] = [http://xpayclient.lgdacom.net:7080/xpay/Gateway.do]
2016-11-02 12:07:22 [DEBUG] [] Config [log_dir] = [C:\APM_Setup\htdocs\bluepod\pg\smartXPay\lgdacom/../log/]
2016-11-02 12:07:22 [DEBUG] [] Config [smtskybada33] = [56352fa05f7f284be2a4e975f31292c0]
2016-11-02 12:07:22 [DEBUG] [] Config [tsmtskybada33] = [56352fa05f7f284be2a4e975f31292c0]
2016-11-02 12:09:07 [INFO ] [] XPayClient initialize [C:\APM_Setup\htdocs\bluepod\order/../pg/smartXPay/lgdacom] [service]
2016-11-02 12:09:07 [DEBUG] [] Config [server_id] = [01]
2016-11-02 12:09:07 [DEBUG] [] Config [timeout] = [60]
2016-11-02 12:09:07 [DEBUG] [] Config [log_level] = [4]
2016-11-02 12:09:07 [DEBUG] [] Config [verify_cert] = [1]
2016-11-02 12:09:07 [DEBUG] [] Config [verify_host] = [1]
2016-11-02 12:09:07 [DEBUG] [] Config [report_error] = [1]
2016-11-02 12:09:07 [DEBUG] [] Config [output_UTF8] = [1]
2016-11-02 12:09:07 [DEBUG] [] Config [auto_rollback] = [1]
2016-11-02 12:09:07 [DEBUG] [] Config [url] = [https://xpayclient.lgdacom.net/xpay/Gateway.do]
2016-11-02 12:09:07 [DEBUG] [] Config [test_url] = [https://xpayclient.lgdacom.net:7443/xpay/Gateway.do]
2016-11-02 12:09:07 [DEBUG] [] Config [aux_url] = [http://xpayclient.lgdacom.net:7080/xpay/Gateway.do]
2016-11-02 12:09:07 [DEBUG] [] Config [log_dir] = [C:\APM_Setup\htdocs\bluepod\pg\smartXPay\lgdacom/../log/]
2016-11-02 12:09:07 [DEBUG] [] Config [smtskybada33] = [56352fa05f7f284be2a4e975f31292c0]
2016-11-02 12:09:07 [DEBUG] [] Config [tsmtskybada33] = [56352fa05f7f284be2a4e975f31292c0]
2016-11-02 12:10:21 [INFO ] [] XPayClient initialize [C:\APM_Setup\htdocs\bluepod\order/../pg/smartXPay/lgdacom] [service]
2016-11-02 12:10:21 [DEBUG] [] Config [server_id] = [01]
2016-11-02 12:10:21 [DEBUG] [] Config [timeout] = [60]
2016-11-02 12:10:21 [DEBUG] [] Config [log_level] = [4]
2016-11-02 12:10:21 [DEBUG] [] Config [verify_cert] = [1]
2016-11-02 12:10:21 [DEBUG] [] Config [verify_host] = [1]
2016-11-02 12:10:21 [DEBUG] [] Config [report_error] = [1]
2016-11-02 12:10:21 [DEBUG] [] Config [output_UTF8] = [1]
2016-11-02 12:10:21 [DEBUG] [] Config [auto_rollback] = [1]
2016-11-02 12:10:21 [DEBUG] [] Config [url] = [https://xpayclient.lgdacom.net/xpay/Gateway.do]
2016-11-02 12:10:21 [DEBUG] [] Config [test_url] = [https://xpayclient.lgdacom.net:7443/xpay/Gateway.do]
2016-11-02 12:10:21 [DEBUG] [] Config [aux_url] = [http://xpayclient.lgdacom.net:7080/xpay/Gateway.do]
2016-11-02 12:10:21 [DEBUG] [] Config [log_dir] = [C:\APM_Setup\htdocs\bluepod\pg\smartXPay\lgdacom/../log/]
2016-11-02 12:10:21 [DEBUG] [] Config [smtskybada33] = [56352fa05f7f284be2a4e975f31292c0]
2016-11-02 12:10:21 [DEBUG] [] Config [tsmtskybada33] = [56352fa05f7f284be2a4e975f31292c0]
2016-11-02 12:13:29 [INFO ] [] XPayClient initialize [C:\APM_Setup\htdocs\bluepod\order/../pg/smartXPay/lgdacom] [service]
2016-11-02 12:13:29 [DEBUG] [] Config [server_id] = [01]
2016-11-02 12:13:29 [DEBUG] [] Config [timeout] = [60]
2016-11-02 12:13:29 [DEBUG] [] Config [log_level] = [4]
2016-11-02 12:13:29 [DEBUG] [] Config [verify_cert] = [1]
2016-11-02 12:13:29 [DEBUG] [] Config [verify_host] = [1]
2016-11-02 12:13:29 [DEBUG] [] Config [report_error] = [1]
2016-11-02 12:13:29 [DEBUG] [] Config [output_UTF8] = [1]
2016-11-02 12:13:29 [DEBUG] [] Config [auto_rollback] = [1]
2016-11-02 12:13:29 [DEBUG] [] Config [url] = [https://xpayclient.lgdacom.net/xpay/Gateway.do]
2016-11-02 12:13:29 [DEBUG] [] Config [test_url] = [https://xpayclient.lgdacom.net:7443/xpay/Gateway.do]
2016-11-02 12:13:29 [DEBUG] [] Config [aux_url] = [http://xpayclient.lgdacom.net:7080/xpay/Gateway.do]
2016-11-02 12:13:29 [DEBUG] [] Config [log_dir] = [C:\APM_Setup\htdocs\bluepod\pg\smartXPay\lgdacom/../log/]
2016-11-02 12:13:29 [DEBUG] [] Config [smtskybada33] = [56352fa05f7f284be2a4e975f31292c0]
2016-11-02 12:13:29 [DEBUG] [] Config [tsmtskybada33] = [56352fa05f7f284be2a4e975f31292c0]
2016-11-02 12:13:36 [INFO ] [] XPayClient initialize [C:\APM_Setup\htdocs\bluepod\order/../pg/smartXPay/lgdacom] [service]
2016-11-02 12:13:36 [DEBUG] [] Config [server_id] = [01]
2016-11-02 12:13:36 [DEBUG] [] Config [timeout] = [60]
2016-11-02 12:13:36 [DEBUG] [] Config [log_level] = [4]
2016-11-02 12:13:36 [DEBUG] [] Config [verify_cert] = [1]
2016-11-02 12:13:36 [DEBUG] [] Config [verify_host] = [1]
2016-11-02 12:13:36 [DEBUG] [] Config [report_error] = [1]
2016-11-02 12:13:36 [DEBUG] [] Config [output_UTF8] = [1]
2016-11-02 12:13:36 [DEBUG] [] Config [auto_rollback] = [1]
2016-11-02 12:13:36 [DEBUG] [] Config [url] = [https://xpayclient.lgdacom.net/xpay/Gateway.do]
2016-11-02 12:13:36 [DEBUG] [] Config [test_url] = [https://xpayclient.lgdacom.net:7443/xpay/Gateway.do]
2016-11-02 12:13:36 [DEBUG] [] Config [aux_url] = [http://xpayclient.lgdacom.net:7080/xpay/Gateway.do]
2016-11-02 12:13:36 [DEBUG] [] Config [log_dir] = [C:\APM_Setup\htdocs\bluepod\pg\smartXPay\lgdacom/../log/]
2016-11-02 12:13:36 [DEBUG] [] Config [smtskybada33] = [56352fa05f7f284be2a4e975f31292c0]
2016-11-02 12:13:36 [DEBUG] [] Config [tsmtskybada33] = [56352fa05f7f284be2a4e975f31292c0]
2016-11-02 12:18:49 [INFO ] [] XPayClient initialize [C:\APM_Setup\htdocs\bluepod\order/../pg/smartXPay/lgdacom] [service]
2016-11-02 12:18:49 [DEBUG] [] Config [server_id] = [01]
2016-11-02 12:18:49 [DEBUG] [] Config [timeout] = [60]
2016-11-02 12:18:49 [DEBUG] [] Config [log_level] = [4]
2016-11-02 12:18:49 [DEBUG] [] Config [verify_cert] = [1]
2016-11-02 12:18:49 [DEBUG] [] Config [verify_host] = [1]
2016-11-02 12:18:49 [DEBUG] [] Config [report_error] = [1]
2016-11-02 12:18:49 [DEBUG] [] Config [output_UTF8] = [1]
2016-11-02 12:18:49 [DEBUG] [] Config [auto_rollback] = [1]
2016-11-02 12:18:49 [DEBUG] [] Config [url] = [https://xpayclient.lgdacom.net/xpay/Gateway.do]
2016-11-02 12:18:49 [DEBUG] [] Config [test_url] = [https://xpayclient.lgdacom.net:7443/xpay/Gateway.do]
2016-11-02 12:18:49 [DEBUG] [] Config [aux_url] = [http://xpayclient.lgdacom.net:7080/xpay/Gateway.do]
2016-11-02 12:18:49 [DEBUG] [] Config [log_dir] = [C:\APM_Setup\htdocs\bluepod\pg\smartXPay\lgdacom/../log/]
2016-11-02 12:18:49 [DEBUG] [] Config [smtskybada33] = [56352fa05f7f284be2a4e975f31292c0]
2016-11-02 12:18:49 [DEBUG] [] Config [tsmtskybada33] = [56352fa05f7f284be2a4e975f31292c0]
2016-11-02 12:18:52 [INFO ] [] XPayClient initialize [C:\APM_Setup\htdocs\bluepod\order/../pg/smartXPay/lgdacom] [service]
2016-11-02 12:18:52 [DEBUG] [] Config [server_id] = [01]
2016-11-02 12:18:52 [DEBUG] [] Config [timeout] = [60]
2016-11-02 12:18:52 [DEBUG] [] Config [log_level] = [4]
2016-11-02 12:18:52 [DEBUG] [] Config [verify_cert] = [1]
2016-11-02 12:18:52 [DEBUG] [] Config [verify_host] = [1]
2016-11-02 12:18:52 [DEBUG] [] Config [report_error] = [1]
2016-11-02 12:18:52 [DEBUG] [] Config [output_UTF8] = [1]
2016-11-02 12:18:52 [DEBUG] [] Config [auto_rollback] = [1]
2016-11-02 12:18:52 [DEBUG] [] Config [url] = [https://xpayclient.lgdacom.net/xpay/Gateway.do]
2016-11-02 12:18:52 [DEBUG] [] Config [test_url] = [https://xpayclient.lgdacom.net:7443/xpay/Gateway.do]
2016-11-02 12:18:52 [DEBUG] [] Config [aux_url] = [http://xpayclient.lgdacom.net:7080/xpay/Gateway.do]
2016-11-02 12:18:52 [DEBUG] [] Config [log_dir] = [C:\APM_Setup\htdocs\bluepod\pg\smartXPay\lgdacom/../log/]
2016-11-02 12:18:52 [DEBUG] [] Config [smtskybada33] = [56352fa05f7f284be2a4e975f31292c0]
2016-11-02 12:18:52 [DEBUG] [] Config [tsmtskybada33] = [56352fa05f7f284be2a4e975f31292c0]
2016-11-02 12:19:01 [INFO ] [] XPayClient initialize [C:\APM_Setup\htdocs\bluepod\order/../pg/smartXPay/lgdacom] [service]
2016-11-02 12:19:01 [DEBUG] [] Config [server_id] = [01]
2016-11-02 12:19:01 [DEBUG] [] Config [timeout] = [60]
2016-11-02 12:19:01 [DEBUG] [] Config [log_level] = [4]
2016-11-02 12:19:01 [DEBUG] [] Config [verify_cert] = [1]
2016-11-02 12:19:01 [DEBUG] [] Config [verify_host] = [1]
2016-11-02 12:19:01 [DEBUG] [] Config [report_error] = [1]
2016-11-02 12:19:01 [DEBUG] [] Config [output_UTF8] = [1]
2016-11-02 12:19:01 [DEBUG] [] Config [auto_rollback] = [1]
2016-11-02 12:19:01 [DEBUG] [] Config [url] = [https://xpayclient.lgdacom.net/xpay/Gateway.do]
2016-11-02 12:19:01 [DEBUG] [] Config [test_url] = [https://xpayclient.lgdacom.net:7443/xpay/Gateway.do]
2016-11-02 12:19:01 [DEBUG] [] Config [aux_url] = [http://xpayclient.lgdacom.net:7080/xpay/Gateway.do]
2016-11-02 12:19:01 [DEBUG] [] Config [log_dir] = [C:\APM_Setup\htdocs\bluepod\pg\smartXPay\lgdacom/../log/]
2016-11-02 12:19:01 [DEBUG] [] Config [smtskybada33] = [56352fa05f7f284be2a4e975f31292c0]
2016-11-02 12:19:01 [DEBUG] [] Config [tsmtskybada33] = [56352fa05f7f284be2a4e975f31292c0]
2016-11-02 12:38:03 [INFO ] [] XPayClient initialize [C:\APM_Setup\htdocs\bluepod\order/../pg/smartXPay/lgdacom] [service]
2016-11-02 12:38:03 [DEBUG] [] Config [server_id] = [01]
2016-11-02 12:38:03 [DEBUG] [] Config [timeout] = [60]
2016-11-02 12:38:03 [DEBUG] [] Config [log_level] = [4]
2016-11-02 12:38:03 [DEBUG] [] Config [verify_cert] = [1]
2016-11-02 12:38:03 [DEBUG] [] Config [verify_host] = [1]
2016-11-02 12:38:03 [DEBUG] [] Config [report_error] = [1]
2016-11-02 12:38:03 [DEBUG] [] Config [output_UTF8] = [1]
2016-11-02 12:38:03 [DEBUG] [] Config [auto_rollback] = [1]
2016-11-02 12:38:03 [DEBUG] [] Config [url] = [https://xpayclient.lgdacom.net/xpay/Gateway.do]
2016-11-02 12:38:03 [DEBUG] [] Config [test_url] = [https://xpayclient.lgdacom.net:7443/xpay/Gateway.do]
2016-11-02 12:38:03 [DEBUG] [] Config [aux_url] = [http://xpayclient.lgdacom.net:7080/xpay/Gateway.do]
2016-11-02 12:38:03 [DEBUG] [] Config [log_dir] = [C:\APM_Setup\htdocs\bluepod\pg\smartXPay\lgdacom/../log/]
2016-11-02 12:38:03 [DEBUG] [] Config [smtskybada33] = [56352fa05f7f284be2a4e975f31292c0]
2016-11-02 12:38:03 [DEBUG] [] Config [tsmtskybada33] = [56352fa05f7f284be2a4e975f31292c0]
2016-11-02 12:38:18 [INFO ] [] XPayClient initialize [C:\APM_Setup\htdocs\bluepod\order/../pg/smartXPay/lgdacom] [service]
2016-11-02 12:38:18 [DEBUG] [] Config [server_id] = [01]
2016-11-02 12:38:18 [DEBUG] [] Config [timeout] = [60]
2016-11-02 12:38:18 [DEBUG] [] Config [log_level] = [4]
2016-11-02 12:38:18 [DEBUG] [] Config [verify_cert] = [1]
2016-11-02 12:38:18 [DEBUG] [] Config [verify_host] = [1]
2016-11-02 12:38:18 [DEBUG] [] Config [report_error] = [1]
2016-11-02 12:38:18 [DEBUG] [] Config [output_UTF8] = [1]
2016-11-02 12:38:18 [DEBUG] [] Config [auto_rollback] = [1]
2016-11-02 12:38:18 [DEBUG] [] Config [url] = [https://xpayclient.lgdacom.net/xpay/Gateway.do]
2016-11-02 12:38:18 [DEBUG] [] Config [test_url] = [https://xpayclient.lgdacom.net:7443/xpay/Gateway.do]
2016-11-02 12:38:18 [DEBUG] [] Config [aux_url] = [http://xpayclient.lgdacom.net:7080/xpay/Gateway.do]
2016-11-02 12:38:18 [DEBUG] [] Config [log_dir] = [C:\APM_Setup\htdocs\bluepod\pg\smartXPay\lgdacom/../log/]
2016-11-02 12:38:18 [DEBUG] [] Config [smtskybada33] = [56352fa05f7f284be2a4e975f31292c0]
2016-11-02 12:38:18 [DEBUG] [] Config [tsmtskybada33] = [56352fa05f7f284be2a4e975f31292c0]
2016-11-02 12:38:38 [INFO ] [] XPayClient initialize [C:\APM_Setup\htdocs\bluepod\order/../pg/smartXPay/lgdacom] [service]
2016-11-02 12:38:38 [DEBUG] [] Config [server_id] = [01]
2016-11-02 12:38:38 [DEBUG] [] Config [timeout] = [60]
2016-11-02 12:38:38 [DEBUG] [] Config [log_level] = [4]
2016-11-02 12:38:38 [DEBUG] [] Config [verify_cert] = [1]
2016-11-02 12:38:38 [DEBUG] [] Config [verify_host] = [1]
2016-11-02 12:38:38 [DEBUG] [] Config [report_error] = [1]
2016-11-02 12:38:38 [DEBUG] [] Config [output_UTF8] = [1]
2016-11-02 12:38:38 [DEBUG] [] Config [auto_rollback] = [1]
2016-11-02 12:38:38 [DEBUG] [] Config [url] = [https://xpayclient.lgdacom.net/xpay/Gateway.do]
2016-11-02 12:38:38 [DEBUG] [] Config [test_url] = [https://xpayclient.lgdacom.net:7443/xpay/Gateway.do]
2016-11-02 12:38:38 [DEBUG] [] Config [aux_url] = [http://xpayclient.lgdacom.net:7080/xpay/Gateway.do]
2016-11-02 12:38:38 [DEBUG] [] Config [log_dir] = [C:\APM_Setup\htdocs\bluepod\pg\smartXPay\lgdacom/../log/]
2016-11-02 12:38:38 [DEBUG] [] Config [smtskybada33] = [56352fa05f7f284be2a4e975f31292c0]
2016-11-02 12:38:38 [DEBUG] [] Config [tsmtskybada33] = [56352fa05f7f284be2a4e975f31292c0]
