2016-11-04 10:48:04 [INFO ] [] XPayClient initialize [C:\APM_Setup\htdocs\bluepod\order/../pg/smartXPay/lgdacom] [service]
2016-11-04 10:48:04 [DEBUG] [] Config [server_id] = [01]
2016-11-04 10:48:04 [DEBUG] [] Config [timeout] = [60]
2016-11-04 10:48:04 [DEBUG] [] Config [log_level] = [4]
2016-11-04 10:48:04 [DEBUG] [] Config [verify_cert] = [1]
2016-11-04 10:48:04 [DEBUG] [] Config [verify_host] = [1]
2016-11-04 10:48:04 [DEBUG] [] Config [report_error] = [1]
2016-11-04 10:48:04 [DEBUG] [] Config [output_UTF8] = [1]
2016-11-04 10:48:04 [DEBUG] [] Config [auto_rollback] = [1]
2016-11-04 10:48:04 [DEBUG] [] Config [url] = [https://xpayclient.lgdacom.net/xpay/Gateway.do]
2016-11-04 10:48:04 [DEBUG] [] Config [test_url] = [https://xpayclient.lgdacom.net:7443/xpay/Gateway.do]
2016-11-04 10:48:04 [DEBUG] [] Config [aux_url] = [http://xpayclient.lgdacom.net:7080/xpay/Gateway.do]
2016-11-04 10:48:04 [DEBUG] [] Config [log_dir] = [C:\APM_Setup\htdocs\bluepod\pg\smartXPay\lgdacom/../log/]
2016-11-04 10:48:04 [DEBUG] [] Config [smtskybada33] = [56352fa05f7f284be2a4e975f31292c0]
2016-11-04 10:48:04 [DEBUG] [] Config [tsmtskybada33] = [56352fa05f7f284be2a4e975f31292c0]
2016-11-04 11:00:25 [INFO ] [] XPayClient initialize [C:\APM_Setup\htdocs\bluepod\order/../pg/smartXPay/lgdacom] [service]
2016-11-04 11:00:25 [DEBUG] [] Config [server_id] = [01]
2016-11-04 11:00:25 [DEBUG] [] Config [timeout] = [60]
2016-11-04 11:00:25 [DEBUG] [] Config [log_level] = [4]
2016-11-04 11:00:25 [DEBUG] [] Config [verify_cert] = [1]
2016-11-04 11:00:25 [DEBUG] [] Config [verify_host] = [1]
2016-11-04 11:00:25 [DEBUG] [] Config [report_error] = [1]
2016-11-04 11:00:25 [DEBUG] [] Config [output_UTF8] = [1]
2016-11-04 11:00:25 [DEBUG] [] Config [auto_rollback] = [1]
2016-11-04 11:00:25 [DEBUG] [] Config [url] = [https://xpayclient.lgdacom.net/xpay/Gateway.do]
2016-11-04 11:00:25 [DEBUG] [] Config [test_url] = [https://xpayclient.lgdacom.net:7443/xpay/Gateway.do]
2016-11-04 11:00:25 [DEBUG] [] Config [aux_url] = [http://xpayclient.lgdacom.net:7080/xpay/Gateway.do]
2016-11-04 11:00:25 [DEBUG] [] Config [log_dir] = [C:\APM_Setup\htdocs\bluepod\pg\smartXPay\lgdacom/../log/]
2016-11-04 11:00:25 [DEBUG] [] Config [smtskybada33] = [56352fa05f7f284be2a4e975f31292c0]
2016-11-04 11:00:25 [DEBUG] [] Config [tsmtskybada33] = [56352fa05f7f284be2a4e975f31292c0]
2016-11-04 11:01:15 [INFO ] [] XPayClient initialize [C:\APM_Setup\htdocs\bluepod\order/../pg/smartXPay/lgdacom] [service]
2016-11-04 11:01:15 [DEBUG] [] Config [server_id] = [01]
2016-11-04 11:01:15 [DEBUG] [] Config [timeout] = [60]
2016-11-04 11:01:15 [DEBUG] [] Config [log_level] = [4]
2016-11-04 11:01:15 [DEBUG] [] Config [verify_cert] = [1]
2016-11-04 11:01:15 [DEBUG] [] Config [verify_host] = [1]
2016-11-04 11:01:15 [DEBUG] [] Config [report_error] = [1]
2016-11-04 11:01:15 [DEBUG] [] Config [output_UTF8] = [1]
2016-11-04 11:01:15 [DEBUG] [] Config [auto_rollback] = [1]
2016-11-04 11:01:15 [DEBUG] [] Config [url] = [https://xpayclient.lgdacom.net/xpay/Gateway.do]
2016-11-04 11:01:15 [DEBUG] [] Config [test_url] = [https://xpayclient.lgdacom.net:7443/xpay/Gateway.do]
2016-11-04 11:01:15 [DEBUG] [] Config [aux_url] = [http://xpayclient.lgdacom.net:7080/xpay/Gateway.do]
2016-11-04 11:01:15 [DEBUG] [] Config [log_dir] = [C:\APM_Setup\htdocs\bluepod\pg\smartXPay\lgdacom/../log/]
2016-11-04 11:01:15 [DEBUG] [] Config [smtskybada33] = [56352fa05f7f284be2a4e975f31292c0]
2016-11-04 11:01:15 [DEBUG] [] Config [tsmtskybada33] = [56352fa05f7f284be2a4e975f31292c0]
2016-11-04 11:10:45 [INFO ] [] XPayClient initialize [C:\APM_Setup\htdocs\bluepod\order/../pg/smartXPay/lgdacom] [service]
2016-11-04 11:10:45 [DEBUG] [] Config [server_id] = [01]
2016-11-04 11:10:45 [DEBUG] [] Config [timeout] = [60]
2016-11-04 11:10:45 [DEBUG] [] Config [log_level] = [4]
2016-11-04 11:10:45 [DEBUG] [] Config [verify_cert] = [1]
2016-11-04 11:10:45 [DEBUG] [] Config [verify_host] = [1]
2016-11-04 11:10:45 [DEBUG] [] Config [report_error] = [1]
2016-11-04 11:10:45 [DEBUG] [] Config [output_UTF8] = [1]
2016-11-04 11:10:45 [DEBUG] [] Config [auto_rollback] = [1]
2016-11-04 11:10:45 [DEBUG] [] Config [url] = [https://xpayclient.lgdacom.net/xpay/Gateway.do]
2016-11-04 11:10:45 [DEBUG] [] Config [test_url] = [https://xpayclient.lgdacom.net:7443/xpay/Gateway.do]
2016-11-04 11:10:45 [DEBUG] [] Config [aux_url] = [http://xpayclient.lgdacom.net:7080/xpay/Gateway.do]
2016-11-04 11:10:45 [DEBUG] [] Config [log_dir] = [C:\APM_Setup\htdocs\bluepod\pg\smartXPay\lgdacom/../log/]
2016-11-04 11:10:45 [DEBUG] [] Config [smtskybada33] = [56352fa05f7f284be2a4e975f31292c0]
2016-11-04 11:10:45 [DEBUG] [] Config [tsmtskybada33] = [56352fa05f7f284be2a4e975f31292c0]
