2016-11-30 16:28:13 [INFO ] [] XPayClient initialize [C:\APM_Setup\htdocs\bluepod\order/../pg/smartXPay/lgdacom] [service]
2016-11-30 16:28:13 [DEBUG] [] Config [server_id] = [01]
2016-11-30 16:28:13 [DEBUG] [] Config [timeout] = [60]
2016-11-30 16:28:13 [DEBUG] [] Config [log_level] = [4]
2016-11-30 16:28:13 [DEBUG] [] Config [verify_cert] = [1]
2016-11-30 16:28:13 [DEBUG] [] Config [verify_host] = [1]
2016-11-30 16:28:13 [DEBUG] [] Config [report_error] = [1]
2016-11-30 16:28:13 [DEBUG] [] Config [output_UTF8] = [1]
2016-11-30 16:28:13 [DEBUG] [] Config [auto_rollback] = [1]
2016-11-30 16:28:13 [DEBUG] [] Config [url] = [https://xpayclient.lgdacom.net/xpay/Gateway.do]
2016-11-30 16:28:13 [DEBUG] [] Config [test_url] = [https://xpayclient.lgdacom.net:7443/xpay/Gateway.do]
2016-11-30 16:28:13 [DEBUG] [] Config [aux_url] = [http://xpayclient.lgdacom.net:7080/xpay/Gateway.do]
2016-11-30 16:28:13 [DEBUG] [] Config [log_dir] = [C:\APM_Setup\htdocs\bluepod\pg\smartXPay\lgdacom/../log/]
2016-11-30 16:28:13 [DEBUG] [] Config [smtskybada33] = [56352fa05f7f284be2a4e975f31292c0]
2016-11-30 16:28:13 [DEBUG] [] Config [tsmtskybada33] = [56352fa05f7f284be2a4e975f31292c0]
2016-11-30 16:29:03 [INFO ] [] XPayClient initialize [C:\APM_Setup\htdocs\bluepod\order/../pg/smartXPay/lgdacom] [service]
2016-11-30 16:29:03 [DEBUG] [] Config [server_id] = [01]
2016-11-30 16:29:03 [DEBUG] [] Config [timeout] = [60]
2016-11-30 16:29:03 [DEBUG] [] Config [log_level] = [4]
2016-11-30 16:29:03 [DEBUG] [] Config [verify_cert] = [1]
2016-11-30 16:29:03 [DEBUG] [] Config [verify_host] = [1]
2016-11-30 16:29:03 [DEBUG] [] Config [report_error] = [1]
2016-11-30 16:29:03 [DEBUG] [] Config [output_UTF8] = [1]
2016-11-30 16:29:03 [DEBUG] [] Config [auto_rollback] = [1]
2016-11-30 16:29:03 [DEBUG] [] Config [url] = [https://xpayclient.lgdacom.net/xpay/Gateway.do]
2016-11-30 16:29:03 [DEBUG] [] Config [test_url] = [https://xpayclient.lgdacom.net:7443/xpay/Gateway.do]
2016-11-30 16:29:03 [DEBUG] [] Config [aux_url] = [http://xpayclient.lgdacom.net:7080/xpay/Gateway.do]
2016-11-30 16:29:03 [DEBUG] [] Config [log_dir] = [C:\APM_Setup\htdocs\bluepod\pg\smartXPay\lgdacom/../log/]
2016-11-30 16:29:03 [DEBUG] [] Config [smtskybada33] = [56352fa05f7f284be2a4e975f31292c0]
2016-11-30 16:29:03 [DEBUG] [] Config [tsmtskybada33] = [56352fa05f7f284be2a4e975f31292c0]
2016-11-30 16:29:36 [INFO ] [] XPayClient initialize [C:\APM_Setup\htdocs\bluepod\order/../pg/smartXPay/lgdacom] [service]
2016-11-30 16:29:36 [DEBUG] [] Config [server_id] = [01]
2016-11-30 16:29:36 [DEBUG] [] Config [timeout] = [60]
2016-11-30 16:29:36 [DEBUG] [] Config [log_level] = [4]
2016-11-30 16:29:36 [DEBUG] [] Config [verify_cert] = [1]
2016-11-30 16:29:36 [DEBUG] [] Config [verify_host] = [1]
2016-11-30 16:29:36 [DEBUG] [] Config [report_error] = [1]
2016-11-30 16:29:36 [DEBUG] [] Config [output_UTF8] = [1]
2016-11-30 16:29:36 [DEBUG] [] Config [auto_rollback] = [1]
2016-11-30 16:29:36 [DEBUG] [] Config [url] = [https://xpayclient.lgdacom.net/xpay/Gateway.do]
2016-11-30 16:29:36 [DEBUG] [] Config [test_url] = [https://xpayclient.lgdacom.net:7443/xpay/Gateway.do]
2016-11-30 16:29:36 [DEBUG] [] Config [aux_url] = [http://xpayclient.lgdacom.net:7080/xpay/Gateway.do]
2016-11-30 16:29:36 [DEBUG] [] Config [log_dir] = [C:\APM_Setup\htdocs\bluepod\pg\smartXPay\lgdacom/../log/]
2016-11-30 16:29:36 [DEBUG] [] Config [smtskybada33] = [56352fa05f7f284be2a4e975f31292c0]
2016-11-30 16:29:36 [DEBUG] [] Config [tsmtskybada33] = [56352fa05f7f284be2a4e975f31292c0]
2016-11-30 16:30:04 [INFO ] [] XPayClient initialize [C:\APM_Setup\htdocs\bluepod\order/../pg/smartXPay/lgdacom] [service]
2016-11-30 16:30:04 [DEBUG] [] Config [server_id] = [01]
2016-11-30 16:30:04 [DEBUG] [] Config [timeout] = [60]
2016-11-30 16:30:04 [DEBUG] [] Config [log_level] = [4]
2016-11-30 16:30:04 [DEBUG] [] Config [verify_cert] = [1]
2016-11-30 16:30:04 [DEBUG] [] Config [verify_host] = [1]
2016-11-30 16:30:04 [DEBUG] [] Config [report_error] = [1]
2016-11-30 16:30:04 [DEBUG] [] Config [output_UTF8] = [1]
2016-11-30 16:30:04 [DEBUG] [] Config [auto_rollback] = [1]
2016-11-30 16:30:04 [DEBUG] [] Config [url] = [https://xpayclient.lgdacom.net/xpay/Gateway.do]
2016-11-30 16:30:04 [DEBUG] [] Config [test_url] = [https://xpayclient.lgdacom.net:7443/xpay/Gateway.do]
2016-11-30 16:30:04 [DEBUG] [] Config [aux_url] = [http://xpayclient.lgdacom.net:7080/xpay/Gateway.do]
2016-11-30 16:30:04 [DEBUG] [] Config [log_dir] = [C:\APM_Setup\htdocs\bluepod\pg\smartXPay\lgdacom/../log/]
2016-11-30 16:30:04 [DEBUG] [] Config [smtskybada33] = [56352fa05f7f284be2a4e975f31292c0]
2016-11-30 16:30:04 [DEBUG] [] Config [tsmtskybada33] = [56352fa05f7f284be2a4e975f31292c0]
2016-11-30 16:30:18 [INFO ] [] XPayClient initialize [C:\APM_Setup\htdocs\bluepod\order/../pg/smartXPay/lgdacom] [service]
2016-11-30 16:30:18 [DEBUG] [] Config [server_id] = [01]
2016-11-30 16:30:18 [DEBUG] [] Config [timeout] = [60]
2016-11-30 16:30:18 [DEBUG] [] Config [log_level] = [4]
2016-11-30 16:30:18 [DEBUG] [] Config [verify_cert] = [1]
2016-11-30 16:30:18 [DEBUG] [] Config [verify_host] = [1]
2016-11-30 16:30:18 [DEBUG] [] Config [report_error] = [1]
2016-11-30 16:30:18 [DEBUG] [] Config [output_UTF8] = [1]
2016-11-30 16:30:18 [DEBUG] [] Config [auto_rollback] = [1]
2016-11-30 16:30:18 [DEBUG] [] Config [url] = [https://xpayclient.lgdacom.net/xpay/Gateway.do]
2016-11-30 16:30:18 [DEBUG] [] Config [test_url] = [https://xpayclient.lgdacom.net:7443/xpay/Gateway.do]
2016-11-30 16:30:18 [DEBUG] [] Config [aux_url] = [http://xpayclient.lgdacom.net:7080/xpay/Gateway.do]
2016-11-30 16:30:18 [DEBUG] [] Config [log_dir] = [C:\APM_Setup\htdocs\bluepod\pg\smartXPay\lgdacom/../log/]
2016-11-30 16:30:18 [DEBUG] [] Config [smtskybada33] = [56352fa05f7f284be2a4e975f31292c0]
2016-11-30 16:30:18 [DEBUG] [] Config [tsmtskybada33] = [56352fa05f7f284be2a4e975f31292c0]
2016-11-30 17:02:18 [INFO ] [] XPayClient initialize [C:\APM_Setup\htdocs\bluepod\order/../pg/smartXPay/lgdacom] [service]
2016-11-30 17:02:18 [DEBUG] [] Config [server_id] = [01]
2016-11-30 17:02:18 [DEBUG] [] Config [timeout] = [60]
2016-11-30 17:02:18 [DEBUG] [] Config [log_level] = [4]
2016-11-30 17:02:18 [DEBUG] [] Config [verify_cert] = [1]
2016-11-30 17:02:18 [DEBUG] [] Config [verify_host] = [1]
2016-11-30 17:02:18 [DEBUG] [] Config [report_error] = [1]
2016-11-30 17:02:18 [DEBUG] [] Config [output_UTF8] = [1]
2016-11-30 17:02:18 [DEBUG] [] Config [auto_rollback] = [1]
2016-11-30 17:02:18 [DEBUG] [] Config [url] = [https://xpayclient.lgdacom.net/xpay/Gateway.do]
2016-11-30 17:02:18 [DEBUG] [] Config [test_url] = [https://xpayclient.lgdacom.net:7443/xpay/Gateway.do]
2016-11-30 17:02:18 [DEBUG] [] Config [aux_url] = [http://xpayclient.lgdacom.net:7080/xpay/Gateway.do]
2016-11-30 17:02:18 [DEBUG] [] Config [log_dir] = [C:\APM_Setup\htdocs\bluepod\pg\smartXPay\lgdacom/../log/]
2016-11-30 17:02:18 [DEBUG] [] Config [smtskybada33] = [56352fa05f7f284be2a4e975f31292c0]
2016-11-30 17:02:18 [DEBUG] [] Config [tsmtskybada33] = [56352fa05f7f284be2a4e975f31292c0]
2016-11-30 17:05:08 [INFO ] [] XPayClient initialize [C:\APM_Setup\htdocs\bluepod\order/../pg/smartXPay/lgdacom] [service]
2016-11-30 17:05:08 [DEBUG] [] Config [server_id] = [01]
2016-11-30 17:05:08 [DEBUG] [] Config [timeout] = [60]
2016-11-30 17:05:08 [DEBUG] [] Config [log_level] = [4]
2016-11-30 17:05:08 [DEBUG] [] Config [verify_cert] = [1]
2016-11-30 17:05:08 [DEBUG] [] Config [verify_host] = [1]
2016-11-30 17:05:08 [DEBUG] [] Config [report_error] = [1]
2016-11-30 17:05:08 [DEBUG] [] Config [output_UTF8] = [1]
2016-11-30 17:05:08 [DEBUG] [] Config [auto_rollback] = [1]
2016-11-30 17:05:08 [DEBUG] [] Config [url] = [https://xpayclient.lgdacom.net/xpay/Gateway.do]
2016-11-30 17:05:08 [DEBUG] [] Config [test_url] = [https://xpayclient.lgdacom.net:7443/xpay/Gateway.do]
2016-11-30 17:05:08 [DEBUG] [] Config [aux_url] = [http://xpayclient.lgdacom.net:7080/xpay/Gateway.do]
2016-11-30 17:05:08 [DEBUG] [] Config [log_dir] = [C:\APM_Setup\htdocs\bluepod\pg\smartXPay\lgdacom/../log/]
2016-11-30 17:05:08 [DEBUG] [] Config [smtskybada33] = [56352fa05f7f284be2a4e975f31292c0]
2016-11-30 17:05:08 [DEBUG] [] Config [tsmtskybada33] = [56352fa05f7f284be2a4e975f31292c0]
2016-11-30 17:05:38 [INFO ] [] XPayClient initialize [C:\APM_Setup\htdocs\bluepod\order/../pg/smartXPay/lgdacom] [service]
2016-11-30 17:05:38 [DEBUG] [] Config [server_id] = [01]
2016-11-30 17:05:38 [DEBUG] [] Config [timeout] = [60]
2016-11-30 17:05:38 [DEBUG] [] Config [log_level] = [4]
2016-11-30 17:05:38 [DEBUG] [] Config [verify_cert] = [1]
2016-11-30 17:05:38 [DEBUG] [] Config [verify_host] = [1]
2016-11-30 17:05:38 [DEBUG] [] Config [report_error] = [1]
2016-11-30 17:05:38 [DEBUG] [] Config [output_UTF8] = [1]
2016-11-30 17:05:38 [DEBUG] [] Config [auto_rollback] = [1]
2016-11-30 17:05:38 [DEBUG] [] Config [url] = [https://xpayclient.lgdacom.net/xpay/Gateway.do]
2016-11-30 17:05:38 [DEBUG] [] Config [test_url] = [https://xpayclient.lgdacom.net:7443/xpay/Gateway.do]
2016-11-30 17:05:38 [DEBUG] [] Config [aux_url] = [http://xpayclient.lgdacom.net:7080/xpay/Gateway.do]
2016-11-30 17:05:38 [DEBUG] [] Config [log_dir] = [C:\APM_Setup\htdocs\bluepod\pg\smartXPay\lgdacom/../log/]
2016-11-30 17:05:38 [DEBUG] [] Config [smtskybada33] = [56352fa05f7f284be2a4e975f31292c0]
2016-11-30 17:05:38 [DEBUG] [] Config [tsmtskybada33] = [56352fa05f7f284be2a4e975f31292c0]
2016-11-30 17:05:56 [INFO ] [] XPayClient initialize [C:\APM_Setup\htdocs\bluepod\order/../pg/smartXPay/lgdacom] [service]
2016-11-30 17:05:56 [DEBUG] [] Config [server_id] = [01]
2016-11-30 17:05:56 [DEBUG] [] Config [timeout] = [60]
2016-11-30 17:05:56 [DEBUG] [] Config [log_level] = [4]
2016-11-30 17:05:56 [DEBUG] [] Config [verify_cert] = [1]
2016-11-30 17:05:56 [DEBUG] [] Config [verify_host] = [1]
2016-11-30 17:05:56 [DEBUG] [] Config [report_error] = [1]
2016-11-30 17:05:56 [DEBUG] [] Config [output_UTF8] = [1]
2016-11-30 17:05:56 [DEBUG] [] Config [auto_rollback] = [1]
2016-11-30 17:05:56 [DEBUG] [] Config [url] = [https://xpayclient.lgdacom.net/xpay/Gateway.do]
2016-11-30 17:05:56 [DEBUG] [] Config [test_url] = [https://xpayclient.lgdacom.net:7443/xpay/Gateway.do]
2016-11-30 17:05:56 [DEBUG] [] Config [aux_url] = [http://xpayclient.lgdacom.net:7080/xpay/Gateway.do]
2016-11-30 17:05:56 [DEBUG] [] Config [log_dir] = [C:\APM_Setup\htdocs\bluepod\pg\smartXPay\lgdacom/../log/]
2016-11-30 17:05:56 [DEBUG] [] Config [smtskybada33] = [56352fa05f7f284be2a4e975f31292c0]
2016-11-30 17:05:56 [DEBUG] [] Config [tsmtskybada33] = [56352fa05f7f284be2a4e975f31292c0]
